This file contains any messages produced by compilers while
running configure, to aid debugging if configure makes a mistake.

It was created by DADA configure 1.0, which was
generated by GNU Autoconf 2.68.  Invocation command line was

  $ ./configure --prefix=/home/nch/linux_64 --with-cuda-include-dir=/usr/local/cuda-8.0/include --with-cuda-lib-dir=/usr/local/cuda-8.0/lib64

## --------- ##
## Platform. ##
## --------- ##

hostname = blc00
uname -m = x86_64
uname -r = 3.2.0-29-generic
uname -s = Linux
uname -v = #46-Ubuntu SMP Fri Jul 27 17:03:23 UTC 2012

/usr/bin/uname -p = unknown
/bin/uname -X     = unknown

/bin/arch              = unknown
/usr/bin/arch -k       = unknown
/usr/convex/getsysinfo = unknown
/usr/bin/hostinfo      = unknown
/bin/machine           = unknown
/usr/bin/oslevel       = unknown
/bin/universe          = unknown

PATH: /home/nch/linux_64/bin
PATH: /home/nch/linux_64/lib
PATH: /home/nch/heimdall/Applications
PATH: /home/nch/opt/dedisp
PATH: /home/nch/opt/psrdata
PATH: /usr/local/cuda-8.0/bin
PATH: /home/nch/linux_64/bin
PATH: /home/nch/linux_64/lib
PATH: /home/nch/heimdall/Applications
PATH: /home/nch/opt/dedisp
PATH: /home/nch/opt/psrdata
PATH: /usr/local/sbin
PATH: /usr/local/bin
PATH: /usr/sbin
PATH: /usr/bin
PATH: /sbin
PATH: /bin
PATH: /usr/games


## ----------- ##
## Core tests. ##
## ----------- ##

configure:2661: checking build system type
configure:2675: result: x86_64-unknown-linux-gnu
configure:2695: checking host system type
configure:2708: result: x86_64-unknown-linux-gnu
configure:2728: checking target system type
configure:2741: result: x86_64-unknown-linux-gnu
configure:2791: checking for a BSD-compatible install
configure:2859: result: /usr/bin/install -c
configure:2870: checking whether build environment is sane
configure:2920: result: yes
configure:3061: checking for a thread-safe mkdir -p
configure:3100: result: /bin/mkdir -p
configure:3113: checking for gawk
configure:3143: result: no
configure:3113: checking for mawk
configure:3129: found /usr/bin/mawk
configure:3140: result: mawk
configure:3151: checking whether make sets $(MAKE)
configure:3173: result: yes
configure:3334: checking for gcc
configure:3350: found /usr/bin/gcc
configure:3361: result: gcc
configure:3590: checking for C compiler version
configure:3599: gcc --version >&5
gcc (Ubuntu/Linaro 4.6.3-1ubuntu5) 4.6.3
Copyright (C) 2011 Free Software Foundation, Inc.
This is free software; see the source for copying conditions.  There is NO
warranty; not even for MERCHANTABILITY or FITNESS FOR A PARTICULAR PURPOSE.

configure:3610: $? = 0
configure:3599: gcc -v >&5
Using built-in specs.
COLLECT_GCC=gcc
COLLECT_LTO_WRAPPER=/usr/lib/gcc/x86_64-linux-gnu/4.6/lto-wrapper
Target: x86_64-linux-gnu
Configured with: ../src/configure -v --with-pkgversion='Ubuntu/Linaro 4.6.3-1ubuntu5' --with-bugurl=file:///usr/share/doc/gcc-4.6/README.Bugs --enable-languages=c,c++,fortran,objc,obj-c++ --prefix=/usr --program-suffix=-4.6 --enable-shared --enable-linker-build-id --with-system-zlib --libexecdir=/usr/lib --without-included-gettext --enable-threads=posix --with-gxx-include-dir=/usr/include/c++/4.6 --libdir=/usr/lib --enable-nls --with-sysroot=/ --enable-clocale=gnu --enable-libstdcxx-debug --enable-libstdcxx-time=yes --enable-gnu-unique-object --enable-plugin --enable-objc-gc --disable-werror --with-arch-32=i686 --with-tune=generic --enable-checking=release --build=x86_64-linux-gnu --host=x86_64-linux-gnu --target=x86_64-linux-gnu
Thread model: posix
gcc version 4.6.3 (Ubuntu/Linaro 4.6.3-1ubuntu5) 
configure:3610: $? = 0
configure:3599: gcc -V >&5
gcc: error: unrecognized option '-V'
gcc: fatal error: no input files
compilation terminated.
configure:3610: $? = 4
configure:3599: gcc -qversion >&5
gcc: error: unrecognized option '-qversion'
gcc: fatal error: no input files
compilation terminated.
configure:3610: $? = 4
configure:3630: checking whether the C compiler works
configure:3652: gcc    conftest.c  >&5
configure:3656: $? = 0
configure:3704: result: yes
configure:3707: checking for C compiler default output file name
configure:3709: result: a.out
configure:3715: checking for suffix of executables
configure:3722: gcc -o conftest    conftest.c  >&5
configure:3726: $? = 0
configure:3748: result: 
configure:3770: checking whether we are cross compiling
configure:3778: gcc -o conftest    conftest.c  >&5
configure:3782: $? = 0
configure:3789: ./conftest
configure:3793: $? = 0
configure:3808: result: no
configure:3813: checking for suffix of object files
configure:3835: gcc -c   conftest.c >&5
configure:3839: $? = 0
configure:3860: result: o
configure:3864: checking whether we are using the GNU C compiler
configure:3883: gcc -c   conftest.c >&5
configure:3883: $? = 0
configure:3892: result: yes
configure:3901: checking whether gcc accepts -g
configure:3921: gcc -c -g  conftest.c >&5
configure:3921: $? = 0
configure:3962: result: yes
configure:3979: checking for gcc option to accept ISO C89
configure:4043: gcc  -c -g -O2  conftest.c >&5
configure:4043: $? = 0
configure:4056: result: none needed
configure:4087: checking for style of include used by make
configure:4115: result: GNU
configure:4141: checking dependency style of gcc
configure:4252: result: gcc3
configure:4272: checking how to run the C preprocessor
configure:4303: gcc -E  conftest.c
configure:4303: $? = 0
configure:4317: gcc -E  conftest.c
conftest.c:11:28: fatal error: ac_nonexistent.h: No such file or directory
compilation terminated.
configure:4317: $? = 1
configure: failed program was:
| /* confdefs.h */
| #define PACKAGE_NAME "DADA"
| #define PACKAGE_TARNAME "dada"
| #define PACKAGE_VERSION "1.0"
| #define PACKAGE_STRING "DADA 1.0"
| #define PACKAGE_BUGREPORT "straten@astron.nl"
| #define PACKAGE_URL ""
| #define PACKAGE "dada"
| #define VERSION "1.0"
| /* end confdefs.h.  */
| #include <ac_nonexistent.h>
configure:4342: result: gcc -E
configure:4362: gcc -E  conftest.c
configure:4362: $? = 0
configure:4376: gcc -E  conftest.c
conftest.c:11:28: fatal error: ac_nonexistent.h: No such file or directory
compilation terminated.
configure:4376: $? = 1
configure: failed program was:
| /* confdefs.h */
| #define PACKAGE_NAME "DADA"
| #define PACKAGE_TARNAME "dada"
| #define PACKAGE_VERSION "1.0"
| #define PACKAGE_STRING "DADA 1.0"
| #define PACKAGE_BUGREPORT "straten@astron.nl"
| #define PACKAGE_URL ""
| #define PACKAGE "dada"
| #define VERSION "1.0"
| /* end confdefs.h.  */
| #include <ac_nonexistent.h>
configure:4462: checking for g++
configure:4478: found /usr/bin/g++
configure:4489: result: g++
configure:4516: checking for C++ compiler version
configure:4525: g++ --version >&5
g++ (Ubuntu/Linaro 4.6.3-1ubuntu5) 4.6.3
Copyright (C) 2011 Free Software Foundation, Inc.
This is free software; see the source for copying conditions.  There is NO
warranty; not even for MERCHANTABILITY or FITNESS FOR A PARTICULAR PURPOSE.

configure:4536: $? = 0
configure:4525: g++ -v >&5
Using built-in specs.
COLLECT_GCC=g++
COLLECT_LTO_WRAPPER=/usr/lib/gcc/x86_64-linux-gnu/4.6/lto-wrapper
Target: x86_64-linux-gnu
Configured with: ../src/configure -v --with-pkgversion='Ubuntu/Linaro 4.6.3-1ubuntu5' --with-bugurl=file:///usr/share/doc/gcc-4.6/README.Bugs --enable-languages=c,c++,fortran,objc,obj-c++ --prefix=/usr --program-suffix=-4.6 --enable-shared --enable-linker-build-id --with-system-zlib --libexecdir=/usr/lib --without-included-gettext --enable-threads=posix --with-gxx-include-dir=/usr/include/c++/4.6 --libdir=/usr/lib --enable-nls --with-sysroot=/ --enable-clocale=gnu --enable-libstdcxx-debug --enable-libstdcxx-time=yes --enable-gnu-unique-object --enable-plugin --enable-objc-gc --disable-werror --with-arch-32=i686 --with-tune=generic --enable-checking=release --build=x86_64-linux-gnu --host=x86_64-linux-gnu --target=x86_64-linux-gnu
Thread model: posix
gcc version 4.6.3 (Ubuntu/Linaro 4.6.3-1ubuntu5) 
configure:4536: $? = 0
configure:4525: g++ -V >&5
g++: error: unrecognized option '-V'
g++: fatal error: no input files
compilation terminated.
configure:4536: $? = 4
configure:4525: g++ -qversion >&5
g++: error: unrecognized option '-qversion'
g++: fatal error: no input files
compilation terminated.
configure:4536: $? = 4
configure:4540: checking whether we are using the GNU C++ compiler
configure:4559: g++ -c   conftest.cpp >&5
configure:4559: $? = 0
configure:4568: result: yes
configure:4577: checking whether g++ accepts -g
configure:4597: g++ -c -g  conftest.cpp >&5
configure:4597: $? = 0
configure:4638: result: yes
configure:4663: checking dependency style of g++
configure:4774: result: gcc3
configure:4790: checking whether gcc and cc understand -c and -o together
configure:4821: gcc -c conftest.c -o conftest2.o >&5
configure:4825: $? = 0
configure:4831: gcc -c conftest.c -o conftest2.o >&5
configure:4835: $? = 0
configure:4846: cc -c conftest.c >&5
configure:4850: $? = 0
configure:4858: cc -c conftest.c -o conftest2.o >&5
configure:4862: $? = 0
configure:4868: cc -c conftest.c -o conftest2.o >&5
configure:4872: $? = 0
configure:4890: result: yes
configure:4962: checking how to print strings
configure:4989: result: printf
configure:5010: checking for a sed that does not truncate output
configure:5074: result: /bin/sed
configure:5092: checking for grep that handles long lines and -e
configure:5150: result: /bin/grep
configure:5155: checking for egrep
configure:5217: result: /bin/grep -E
configure:5222: checking for fgrep
configure:5284: result: /bin/grep -F
configure:5319: checking for ld used by gcc
configure:5386: result: /usr/bin/ld
configure:5393: checking if the linker (/usr/bin/ld) is GNU ld
configure:5408: result: yes
configure:5420: checking for BSD- or MS-compatible name lister (nm)
configure:5469: result: /usr/bin/nm -B
configure:5599: checking the name lister (/usr/bin/nm -B) interface
configure:5606: gcc -c -g -O2  conftest.c >&5
configure:5609: /usr/bin/nm -B "conftest.o"
configure:5612: output
0000000000000000 B some_variable
configure:5619: result: BSD nm
configure:5622: checking whether ln -s works
configure:5626: result: yes
configure:5634: checking the maximum length of command line arguments
configure:5764: result: 1572864
configure:5781: checking whether the shell understands some XSI constructs
configure:5791: result: yes
configure:5795: checking whether the shell understands "+="
configure:5801: result: yes
configure:5836: checking how to convert x86_64-unknown-linux-gnu file names to x86_64-unknown-linux-gnu format
configure:5876: result: func_convert_file_noop
configure:5883: checking how to convert x86_64-unknown-linux-gnu file names to toolchain format
configure:5903: result: func_convert_file_noop
configure:5910: checking for /usr/bin/ld option to reload object files
configure:5917: result: -r
configure:5991: checking for objdump
configure:6007: found /usr/bin/objdump
configure:6018: result: objdump
configure:6050: checking how to recognize dependent libraries
configure:6252: result: pass_all
configure:6337: checking for dlltool
configure:6367: result: no
configure:6397: checking how to associate runtime and link libraries
configure:6424: result: printf %s\n
configure:6485: checking for ar
configure:6501: found /usr/bin/ar
configure:6512: result: ar
configure:6549: checking for archiver @FILE support
configure:6566: gcc -c -g -O2  conftest.c >&5
configure:6566: $? = 0
configure:6569: ar cru libconftest.a @conftest.lst >&5
configure:6572: $? = 0
configure:6577: ar cru libconftest.a @conftest.lst >&5
ar: conftest.o: No such file or directory
configure:6580: $? = 1
configure:6592: result: @
configure:6650: checking for strip
configure:6666: found /usr/bin/strip
configure:6677: result: strip
configure:6749: checking for ranlib
configure:6765: found /usr/bin/ranlib
configure:6776: result: ranlib
configure:6878: checking command to parse /usr/bin/nm -B output from gcc object
configure:6998: gcc -c -g -O2  conftest.c >&5
configure:7001: $? = 0
configure:7005: /usr/bin/nm -B conftest.o \| sed -n -e 's/^.*[ ]\([ABCDGIRSTW][ABCDGIRSTW]*\)[ ][ ]*\([_A-Za-z][_A-Za-z0-9]*\)$/\1 \2 \2/p' | sed '/ __gnu_lto/d' \> conftest.nm
configure:7008: $? = 0
configure:7074: gcc -o conftest -g -O2   conftest.c conftstm.o >&5
configure:7077: $? = 0
configure:7115: result: ok
configure:7152: checking for sysroot
configure:7182: result: no
configure:7259: gcc -c -g -O2  conftest.c >&5
configure:7262: $? = 0
configure:7438: checking for mt
configure:7454: found /bin/mt
configure:7465: result: mt
configure:7488: checking if mt is a manifest tool
configure:7494: mt '-?'
configure:7502: result: no
configure:8140: checking for ANSI C header files
configure:8160: gcc -c -g -O2  conftest.c >&5
configure:8160: $? = 0
configure:8233: gcc -o conftest -g -O2   conftest.c  >&5
configure:8233: $? = 0
configure:8233: ./conftest
configure:8233: $? = 0
configure:8244: result: yes
configure:8257: checking for sys/types.h
configure:8257: gcc -c -g -O2  conftest.c >&5
configure:8257: $? = 0
configure:8257: result: yes
configure:8257: checking for sys/stat.h
configure:8257: gcc -c -g -O2  conftest.c >&5
configure:8257: $? = 0
configure:8257: result: yes
configure:8257: checking for stdlib.h
configure:8257: gcc -c -g -O2  conftest.c >&5
configure:8257: $? = 0
configure:8257: result: yes
configure:8257: checking for string.h
configure:8257: gcc -c -g -O2  conftest.c >&5
configure:8257: $? = 0
configure:8257: result: yes
configure:8257: checking for memory.h
configure:8257: gcc -c -g -O2  conftest.c >&5
configure:8257: $? = 0
configure:8257: result: yes
configure:8257: checking for strings.h
configure:8257: gcc -c -g -O2  conftest.c >&5
configure:8257: $? = 0
configure:8257: result: yes
configure:8257: checking for inttypes.h
configure:8257: gcc -c -g -O2  conftest.c >&5
configure:8257: $? = 0
configure:8257: result: yes
configure:8257: checking for stdint.h
configure:8257: gcc -c -g -O2  conftest.c >&5
configure:8257: $? = 0
configure:8257: result: yes
configure:8257: checking for unistd.h
configure:8257: gcc -c -g -O2  conftest.c >&5
configure:8257: $? = 0
configure:8257: result: yes
configure:8271: checking for dlfcn.h
configure:8271: gcc -c -g -O2  conftest.c >&5
configure:8271: $? = 0
configure:8271: result: yes
configure:8458: checking for objdir
configure:8473: result: .libs
configure:8744: checking if gcc supports -fno-rtti -fno-exceptions
configure:8762: gcc -c -g -O2  -fno-rtti -fno-exceptions conftest.c >&5
cc1: warning: command line option '-fno-rtti' is valid for C++/ObjC++ but not for C [enabled by default]
configure:8766: $? = 0
configure:8779: result: no
configure:9106: checking for gcc option to produce PIC
configure:9113: result: -fPIC -DPIC
configure:9121: checking if gcc PIC flag -fPIC -DPIC works
configure:9139: gcc -c -g -O2  -fPIC -DPIC -DPIC conftest.c >&5
configure:9143: $? = 0
configure:9156: result: yes
configure:9185: checking if gcc static flag -static works
configure:9213: result: yes
configure:9228: checking if gcc supports -c -o file.o
configure:9249: gcc -c -g -O2  -o out/conftest2.o conftest.c >&5
configure:9253: $? = 0
configure:9275: result: yes
configure:9283: checking if gcc supports -c -o file.o
configure:9330: result: yes
configure:9363: checking whether the gcc linker (/usr/bin/ld -m elf_x86_64) supports shared libraries
configure:10520: result: yes
configure:10760: checking dynamic linker characteristics
configure:11271: gcc -o conftest -g -O2   -Wl,-rpath -Wl,/foo conftest.c  >&5
configure:11271: $? = 0
configure:11505: result: GNU/Linux ld.so
configure:11612: checking how to hardcode library paths into programs
configure:11637: result: immediate
configure:12177: checking whether stripping libraries is possible
configure:12182: result: yes
configure:12217: checking if libtool supports shared libraries
configure:12219: result: yes
configure:12222: checking whether to build shared libraries
configure:12243: result: no
configure:12246: checking whether to build static libraries
configure:12250: result: yes
configure:12273: checking how to run the C++ preprocessor
configure:12300: g++ -E  conftest.cpp
configure:12300: $? = 0
configure:12314: g++ -E  conftest.cpp
conftest.cpp:23:28: fatal error: ac_nonexistent.h: No such file or directory
compilation terminated.
configure:12314: $? = 1
configure: failed program was:
| /* confdefs.h */
| #define PACKAGE_NAME "DADA"
| #define PACKAGE_TARNAME "dada"
| #define PACKAGE_VERSION "1.0"
| #define PACKAGE_STRING "DADA 1.0"
| #define PACKAGE_BUGREPORT "straten@astron.nl"
| #define PACKAGE_URL ""
| #define PACKAGE "dada"
| #define VERSION "1.0"
| #define STDC_HEADERS 1
| #define HAVE_SYS_TYPES_H 1
| #define HAVE_SYS_STAT_H 1
| #define HAVE_STDLIB_H 1
| #define HAVE_STRING_H 1
| #define HAVE_MEMORY_H 1
| #define HAVE_STRINGS_H 1
| #define HAVE_INTTYPES_H 1
| #define HAVE_STDINT_H 1
| #define HAVE_UNISTD_H 1
| #define HAVE_DLFCN_H 1
| #define LT_OBJDIR ".libs/"
| /* end confdefs.h.  */
| #include <ac_nonexistent.h>
configure:12339: result: g++ -E
configure:12359: g++ -E  conftest.cpp
configure:12359: $? = 0
configure:12373: g++ -E  conftest.cpp
conftest.cpp:23:28: fatal error: ac_nonexistent.h: No such file or directory
compilation terminated.
configure:12373: $? = 1
configure: failed program was:
| /* confdefs.h */
| #define PACKAGE_NAME "DADA"
| #define PACKAGE_TARNAME "dada"
| #define PACKAGE_VERSION "1.0"
| #define PACKAGE_STRING "DADA 1.0"
| #define PACKAGE_BUGREPORT "straten@astron.nl"
| #define PACKAGE_URL ""
| #define PACKAGE "dada"
| #define VERSION "1.0"
| #define STDC_HEADERS 1
| #define HAVE_SYS_TYPES_H 1
| #define HAVE_SYS_STAT_H 1
| #define HAVE_STDLIB_H 1
| #define HAVE_STRING_H 1
| #define HAVE_MEMORY_H 1
| #define HAVE_STRINGS_H 1
| #define HAVE_INTTYPES_H 1
| #define HAVE_STDINT_H 1
| #define HAVE_UNISTD_H 1
| #define HAVE_DLFCN_H 1
| #define LT_OBJDIR ".libs/"
| /* end confdefs.h.  */
| #include <ac_nonexistent.h>
configure:12542: checking for ld used by g++
configure:12609: result: /usr/bin/ld -m elf_x86_64
configure:12616: checking if the linker (/usr/bin/ld -m elf_x86_64) is GNU ld
configure:12631: result: yes
configure:12686: checking whether the g++ linker (/usr/bin/ld -m elf_x86_64) supports shared libraries
configure:13691: result: yes
configure:13727: g++ -c -g -O2  conftest.cpp >&5
configure:13730: $? = 0
configure:14250: checking for g++ option to produce PIC
configure:14257: result: -fPIC -DPIC
configure:14265: checking if g++ PIC flag -fPIC -DPIC works
configure:14283: g++ -c -g -O2  -fPIC -DPIC -DPIC conftest.cpp >&5
configure:14287: $? = 0
configure:14300: result: yes
configure:14323: checking if g++ static flag -static works
configure:14351: result: yes
configure:14363: checking if g++ supports -c -o file.o
configure:14384: g++ -c -g -O2  -o out/conftest2.o conftest.cpp >&5
configure:14388: $? = 0
configure:14410: result: yes
configure:14415: checking if g++ supports -c -o file.o
configure:14462: result: yes
configure:14492: checking whether the g++ linker (/usr/bin/ld -m elf_x86_64) supports shared libraries
configure:14531: result: yes
configure:14672: checking dynamic linker characteristics
configure:15351: result: GNU/Linux ld.so
configure:15404: checking how to hardcode library paths into programs
configure:15429: result: immediate
configure:15656: checking for the pthreads library -lpthreads
configure:15689: gcc -o conftest -g -O2    conftest.c -lpthreads  >&5
/usr/bin/ld: cannot find -lpthreads
collect2: ld returned 1 exit status
configure:15689: $? = 1
configure: failed program was:
| /* confdefs.h */
| #define PACKAGE_NAME "DADA"
| #define PACKAGE_TARNAME "dada"
| #define PACKAGE_VERSION "1.0"
| #define PACKAGE_STRING "DADA 1.0"
| #define PACKAGE_BUGREPORT "straten@astron.nl"
| #define PACKAGE_URL ""
| #define PACKAGE "dada"
| #define VERSION "1.0"
| #define STDC_HEADERS 1
| #define HAVE_SYS_TYPES_H 1
| #define HAVE_SYS_STAT_H 1
| #define HAVE_STDLIB_H 1
| #define HAVE_STRING_H 1
| #define HAVE_MEMORY_H 1
| #define HAVE_STRINGS_H 1
| #define HAVE_INTTYPES_H 1
| #define HAVE_STDINT_H 1
| #define HAVE_UNISTD_H 1
| #define HAVE_DLFCN_H 1
| #define LT_OBJDIR ".libs/"
| /* end confdefs.h.  */
| #include <pthread.h>
| int
| main ()
| {
| pthread_t th; pthread_join(th, 0);
|                      pthread_attr_init(0); pthread_cleanup_push(0, 0);
|                      pthread_create(0,0,0,0); pthread_cleanup_pop(0);
|   ;
|   return 0;
| }
configure:15698: result: no
configure:15601: checking whether pthreads work without any flags
configure:15689: gcc -o conftest -g -O2    conftest.c   >&5
/tmp/ccCKFvNy.o: In function `main':
/home/nch/opt/psrdada/conftest.c:27: undefined reference to `pthread_join'
/home/nch/opt/psrdada/conftest.c:28: undefined reference to `__pthread_register_cancel'
/home/nch/opt/psrdada/conftest.c:29: undefined reference to `pthread_create'
/home/nch/opt/psrdada/conftest.c:29: undefined reference to `__pthread_unregister_cancel'
collect2: ld returned 1 exit status
configure:15689: $? = 1
configure: failed program was:
| /* confdefs.h */
| #define PACKAGE_NAME "DADA"
| #define PACKAGE_TARNAME "dada"
| #define PACKAGE_VERSION "1.0"
| #define PACKAGE_STRING "DADA 1.0"
| #define PACKAGE_BUGREPORT "straten@astron.nl"
| #define PACKAGE_URL ""
| #define PACKAGE "dada"
| #define VERSION "1.0"
| #define STDC_HEADERS 1
| #define HAVE_SYS_TYPES_H 1
| #define HAVE_SYS_STAT_H 1
| #define HAVE_STDLIB_H 1
| #define HAVE_STRING_H 1
| #define HAVE_MEMORY_H 1
| #define HAVE_STRINGS_H 1
| #define HAVE_INTTYPES_H 1
| #define HAVE_STDINT_H 1
| #define HAVE_UNISTD_H 1
| #define HAVE_DLFCN_H 1
| #define LT_OBJDIR ".libs/"
| /* end confdefs.h.  */
| #include <pthread.h>
| int
| main ()
| {
| pthread_t th; pthread_join(th, 0);
|                      pthread_attr_init(0); pthread_cleanup_push(0, 0);
|                      pthread_create(0,0,0,0); pthread_cleanup_pop(0);
|   ;
|   return 0;
| }
configure:15698: result: no
configure:15606: checking whether pthreads work with -Kthread
configure:15689: gcc -o conftest -g -O2 -Kthread   conftest.c   >&5
gcc: error: unrecognized option '-Kthread'
configure:15689: $? = 1
configure: failed program was:
| /* confdefs.h */
| #define PACKAGE_NAME "DADA"
| #define PACKAGE_TARNAME "dada"
| #define PACKAGE_VERSION "1.0"
| #define PACKAGE_STRING "DADA 1.0"
| #define PACKAGE_BUGREPORT "straten@astron.nl"
| #define PACKAGE_URL ""
| #define PACKAGE "dada"
| #define VERSION "1.0"
| #define STDC_HEADERS 1
| #define HAVE_SYS_TYPES_H 1
| #define HAVE_SYS_STAT_H 1
| #define HAVE_STDLIB_H 1
| #define HAVE_STRING_H 1
| #define HAVE_MEMORY_H 1
| #define HAVE_STRINGS_H 1
| #define HAVE_INTTYPES_H 1
| #define HAVE_STDINT_H 1
| #define HAVE_UNISTD_H 1
| #define HAVE_DLFCN_H 1
| #define LT_OBJDIR ".libs/"
| /* end confdefs.h.  */
| #include <pthread.h>
| int
| main ()
| {
| pthread_t th; pthread_join(th, 0);
|                      pthread_attr_init(0); pthread_cleanup_push(0, 0);
|                      pthread_create(0,0,0,0); pthread_cleanup_pop(0);
|   ;
|   return 0;
| }
configure:15698: result: no
configure:15606: checking whether pthreads work with -kthread
configure:15689: gcc -o conftest -g -O2 -kthread   conftest.c   >&5
gcc: error: unrecognized option '-kthread'
configure:15689: $? = 1
configure: failed program was:
| /* confdefs.h */
| #define PACKAGE_NAME "DADA"
| #define PACKAGE_TARNAME "dada"
| #define PACKAGE_VERSION "1.0"
| #define PACKAGE_STRING "DADA 1.0"
| #define PACKAGE_BUGREPORT "straten@astron.nl"
| #define PACKAGE_URL ""
| #define PACKAGE "dada"
| #define VERSION "1.0"
| #define STDC_HEADERS 1
| #define HAVE_SYS_TYPES_H 1
| #define HAVE_SYS_STAT_H 1
| #define HAVE_STDLIB_H 1
| #define HAVE_STRING_H 1
| #define HAVE_MEMORY_H 1
| #define HAVE_STRINGS_H 1
| #define HAVE_INTTYPES_H 1
| #define HAVE_STDINT_H 1
| #define HAVE_UNISTD_H 1
| #define HAVE_DLFCN_H 1
| #define LT_OBJDIR ".libs/"
| /* end confdefs.h.  */
| #include <pthread.h>
| int
| main ()
| {
| pthread_t th; pthread_join(th, 0);
|                      pthread_attr_init(0); pthread_cleanup_push(0, 0);
|                      pthread_create(0,0,0,0); pthread_cleanup_pop(0);
|   ;
|   return 0;
| }
configure:15698: result: no
configure:15656: checking for the pthreads library -llthread
configure:15689: gcc -o conftest -g -O2    conftest.c -llthread  >&5
/usr/bin/ld: cannot find -llthread
collect2: ld returned 1 exit status
configure:15689: $? = 1
configure: failed program was:
| /* confdefs.h */
| #define PACKAGE_NAME "DADA"
| #define PACKAGE_TARNAME "dada"
| #define PACKAGE_VERSION "1.0"
| #define PACKAGE_STRING "DADA 1.0"
| #define PACKAGE_BUGREPORT "straten@astron.nl"
| #define PACKAGE_URL ""
| #define PACKAGE "dada"
| #define VERSION "1.0"
| #define STDC_HEADERS 1
| #define HAVE_SYS_TYPES_H 1
| #define HAVE_SYS_STAT_H 1
| #define HAVE_STDLIB_H 1
| #define HAVE_STRING_H 1
| #define HAVE_MEMORY_H 1
| #define HAVE_STRINGS_H 1
| #define HAVE_INTTYPES_H 1
| #define HAVE_STDINT_H 1
| #define HAVE_UNISTD_H 1
| #define HAVE_DLFCN_H 1
| #define LT_OBJDIR ".libs/"
| /* end confdefs.h.  */
| #include <pthread.h>
| int
| main ()
| {
| pthread_t th; pthread_join(th, 0);
|                      pthread_attr_init(0); pthread_cleanup_push(0, 0);
|                      pthread_create(0,0,0,0); pthread_cleanup_pop(0);
|   ;
|   return 0;
| }
configure:15698: result: no
configure:15606: checking whether pthreads work with -pthread
configure:15689: gcc -o conftest -g -O2 -pthread   conftest.c   >&5
configure:15689: $? = 0
configure:15698: result: yes
configure:15717: checking for joinable pthread attribute
configure:15732: gcc -o conftest -g -O2 -pthread   conftest.c   >&5
configure:15732: $? = 0
configure:15738: result: PTHREAD_CREATE_JOINABLE
configure:15748: checking if more special flags are required for pthreads
configure:15755: result: no
configure:15910: checking for g77
configure:15940: result: no
configure:15910: checking for xlf
configure:15940: result: no
configure:15910: checking for f77
configure:15926: found /usr/bin/f77
configure:15937: result: f77
configure:15963: checking for Fortran 77 compiler version
configure:15972: f77 --version >&5
/usr/bin/f77: Illegal option: --version
configure:15983: $? = 255
configure:15972: f77 -v >&5
/usr/bin/f77: fort77 Version 1.15
/usr/bin/f77: No input files specified
configure:15983: $? = 255
configure:15972: f77 -V >&5
/usr/bin/f77 : Missing argument to "-V"
configure:15983: $? = 255
configure:15972: f77 -qversion >&5
/usr/bin/f77: Illegal option: -qversion
configure:15983: $? = 255
configure:15992: checking whether we are using the GNU Fortran 77 compiler
configure:16005: f77 -c  conftest.F >&5
   MAIN main:
configure:16005: $? = 0
configure:16014: result: yes
configure:16020: checking whether f77 accepts -g
configure:16031: f77 -c -g conftest.f >&5
   MAIN main:
configure:16031: $? = 0
configure:16039: result: yes
configure:16174: checking for Fortran 77 compiler version
configure:16183: f77 --version >&5
/usr/bin/f77: Illegal option: --version
configure:16194: $? = 255
configure:16183: f77 -v >&5
/usr/bin/f77: fort77 Version 1.15
/usr/bin/f77: No input files specified
configure:16194: $? = 255
configure:16183: f77 -V >&5
/usr/bin/f77 : Missing argument to "-V"
configure:16194: $? = 255
configure:16183: f77 -qversion >&5
/usr/bin/f77: Illegal option: -qversion
configure:16194: $? = 255
configure:16203: checking whether we are using the GNU Fortran 77 compiler
configure:16225: result: yes
configure:16231: checking whether f77 accepts -g
configure:16250: result: yes
configure:16385: checking if libtool supports shared libraries
configure:16387: result: yes
configure:16390: checking whether to build shared libraries
configure:16410: result: no
configure:16413: checking whether to build static libraries
configure:16417: result: yes
configure:16738: checking for f77 option to produce PIC
configure:16745: result: -fPIC
configure:16753: checking if f77 PIC flag -fPIC works
configure:16771: f77 -c -g -O2 -fPIC conftest.f >&5
   t:
configure:16775: $? = 0
configure:16788: result: yes
configure:16811: checking if f77 static flag -static works
   MAIN t:
configure:16839: result: yes
configure:16851: checking if f77 supports -c -o file.o
configure:16872: f77 -c -g -O2 -o out/conftest2.o conftest.f >&5
   t:
configure:16876: $? = 0
configure:16898: result: yes
configure:16903: checking if f77 supports -c -o file.o
configure:16950: result: yes
configure:16980: checking whether the f77 linker (/usr/bin/ld -m elf_x86_64) supports shared libraries
configure:18087: result: yes
configure:18228: checking dynamic linker characteristics
configure:18901: result: GNU/Linux ld.so
configure:18954: checking how to hardcode library paths into programs
configure:18979: result: immediate
configure:19016: checking how to get verbose linking output from f77
configure:19026: f77 -c -g -O2 conftest.f >&5
   MAIN main:
configure:19026: $? = 0
configure:19044: f77 -o conftest -g -O2 -v -L/usr/local/lib conftest.f
/usr/bin/f77: fort77 Version 1.15
/usr/bin/f77: Running "/usr/bin/f2c -g -Nn802 -I. < conftest.f | /usr/bin/perl -p -e 's|^(#line.*)""|$1"conftest.f"|'  > /tmp/fort77-23421-1.c"
   MAIN main:
/usr/bin/f77: Running "gcc" "-g" "-O2" "-c" "-o" "conftest.o" "/tmp/fort77-23421-1.c"
/usr/bin/f77: unlinking /tmp/fort77-23421-1.c
/usr/bin/f77: Running "gcc" "-o" "conftest" "conftest.o" "-g" "-O2" "-L/usr/local/lib" "-lf2c" "-lm"
/usr/bin/f77: unlinking conftest.o
configure:19044: f77 -o conftest -g -O2 -verbose -L/usr/local/lib conftest.f
/usr/bin/f77: Illegal option: -verbose
configure:19044: f77 -o conftest -g -O2 --verbose -L/usr/local/lib conftest.f
/usr/bin/f77: Illegal option: --verbose
configure:19044: f77 -o conftest -g -O2 -V -L/usr/local/lib conftest.f
   MAIN main:
gcc: error: unrecognized option '-V'
/usr/bin/f77: aborting compilation
configure:19044: f77 -o conftest -g -O2 -### -L/usr/local/lib conftest.f
/usr/bin/f77: Illegal option: -###
configure:19100: WARNING: cannot determine how to obtain linking information from f77
configure:19110: result: 
configure:19112: checking for Fortran 77 libraries of f77
configure:19135: f77 -o conftest -g -O2 -L/usr/local/lib conftest.f
   MAIN main:
configure:19310: result: 
configure:19321: checking for X
configure:19429: gcc -E -I/usr/local/include  conftest.c
configure:19429: $? = 0
configure:19460: gcc -o conftest -g -O2 -pthread -I/usr/local/include  -L/usr/local/lib  conftest.c -lX11   >&5
configure:19460: $? = 0
configure:19510: result: libraries , headers 
configure:19609: gcc -o conftest -g -O2 -pthread -I/usr/local/include  -L/usr/local/lib  conftest.c    -lX11 >&5
configure:19609: $? = 0
configure:19707: checking for gethostbyname
configure:19707: gcc -o conftest -g -O2 -pthread -I/usr/local/include  -L/usr/local/lib  conftest.c   >&5
configure:19707: $? = 0
configure:19707: result: yes
configure:19804: checking for connect
configure:19804: gcc -o conftest -g -O2 -pthread -I/usr/local/include  -L/usr/local/lib  conftest.c   >&5
configure:19804: $? = 0
configure:19804: result: yes
configure:19853: checking for remove
configure:19853: gcc -o conftest -g -O2 -pthread -I/usr/local/include  -L/usr/local/lib  conftest.c   >&5
configure:19853: $? = 0
configure:19853: result: yes
configure:19902: checking for shmat
configure:19902: gcc -o conftest -g -O2 -pthread -I/usr/local/include  -L/usr/local/lib  conftest.c   >&5
configure:19902: $? = 0
configure:19902: result: yes
configure:19960: checking for IceConnectionNumber in -lICE
configure:19985: gcc -o conftest -g -O2 -pthread -I/usr/local/include  -L/usr/local/lib  conftest.c -lICE    >&5
configure:19985: $? = 0
configure:19994: result: yes
configure:20008: checking for libX11.so
configure:20025: result: no
configure:20027: result: X_LIBS=
configure:20029: result: X_PRE_LIBS= -lSM -lICE
configure:20031: result: X_EXTRA_LIBS=
configure:20033: result: X_CFLAGS=
configure:20050: checking for PGPLOT installation
configure:20084: gcc -o conftest -g -O2 -pthread  -I/usr/local/include  -L/usr/local/lib  conftest.c    -lcpgplot -lpgplot   >&5
configure:20084: $? = 0
configure:20162: result: yes
configure:20276: checking for nvcc
configure:20294: found /usr/local/cuda-8.0/bin/nvcc
configure:20307: result: /usr/local/cuda-8.0/bin/nvcc
configure:20319: checking for CUDA installation
configure:20359: gcc -c -I/usr/local/cuda-8.0/include -g -O2 -pthread -I/usr/local/include  conftest.c >&5
configure:20359: $? = 0
configure:20425: gcc -o conftest -I/usr/local/cuda-8.0/include -g -O2 -pthread -I/usr/local/include  -L/usr/local/lib  conftest.c -L/usr/local/cuda-8.0/lib64 -lcudart   >&5
configure:20425: $? = 0
configure:20451: result: yes
configure:20463: checking for CUDA FFT installation
configure:20499: gcc -c -I/usr/local/cuda-8.0/include -g -O2 -pthread -I/usr/local/include  conftest.c >&5
configure:20499: $? = 0
configure:20565: gcc -o conftest -I/usr/local/cuda-8.0/include -g -O2 -pthread -I/usr/local/include  -L/usr/local/lib  conftest.c -L/usr/local/cuda-8.0/lib64 -lcufft   >&5
configure:20565: $? = 0
configure:20587: result: yes
configure:20603: checking for CUB installation
configure:20642: result: 
configure:20651: WARNING: psrdada will not use CUB headers
configure:20714: checking for OpenMP flag of C compiler
configure:20750: gcc -o conftest -g -O2 -pthread -fopenmp -I/usr/local/include  -L/usr/local/lib  conftest.c   >&5
configure:20750: $? = 0
configure:20759: result: -fopenmp
configure:20832: checking for single-precision FFTW-3 library
configure:20870: gcc -c -I. -g -O2 -pthread -I/usr/local/include  conftest.c >&5
configure:20870: $? = 0
configure:20937: gcc -o conftest  -g -O2 -pthread -I/usr/local/include  -L/usr/local/lib  conftest.c -L/usr/lib -lfftw3f -lm   >&5
configure:20937: $? = 0
configure:20964: result: yes
configure:21000: checking for PGPLOT installation
configure:21034: gcc -o conftest -g -O2 -pthread  -I/usr/local/include  -L/usr/local/lib  conftest.c    -lcpgplot -lpgplot   >&5
configure:21034: $? = 0
configure:21112: result: yes
configure:21206: checking for Intel Performance Primitives (IPP) installation
configure:21244: gcc -c -I. -g -O2 -pthread -I/usr/local/include  conftest.c >&5
conftest.c:30:18: fatal error: ipps.h: No such file or directory
compilation terminated.
configure:21244: $? = 1
configure: failed program was:
| /* confdefs.h */
| #define PACKAGE_NAME "DADA"
| #define PACKAGE_TARNAME "dada"
| #define PACKAGE_VERSION "1.0"
| #define PACKAGE_STRING "DADA 1.0"
| #define PACKAGE_BUGREPORT "straten@astron.nl"
| #define PACKAGE_URL ""
| #define PACKAGE "dada"
| #define VERSION "1.0"
| #define STDC_HEADERS 1
| #define HAVE_SYS_TYPES_H 1
| #define HAVE_SYS_STAT_H 1
| #define HAVE_STDLIB_H 1
| #define HAVE_STRING_H 1
| #define HAVE_MEMORY_H 1
| #define HAVE_STRINGS_H 1
| #define HAVE_INTTYPES_H 1
| #define HAVE_STDINT_H 1
| #define HAVE_UNISTD_H 1
| #define HAVE_DLFCN_H 1
| #define LT_OBJDIR ".libs/"
| #define HAVE_PTHREAD 1
| #define HAVE_PGPLOT 1
| #define HAVE_CUDA 1
| #define HAVE_CUFFT 1
| #define HAVE_OPENMP 1
| #define HAVE_FFTW3 1
| #define HAVE_PGPLOT 1
| /* end confdefs.h.  */
| #include <ipps.h>
| int
| main ()
| {
| 
|   ;
|   return 0;
| }
configure:21311: gcc -o conftest  -g -O2 -pthread -I/usr/local/include  -L/usr/local/lib  conftest.c -L. -lipps -lippcore -lpthread   >&5
conftest.c:30:18: fatal error: ipps.h: No such file or directory
compilation terminated.
configure:21311: $? = 1
configure: failed program was:
| /* confdefs.h */
| #define PACKAGE_NAME "DADA"
| #define PACKAGE_TARNAME "dada"
| #define PACKAGE_VERSION "1.0"
| #define PACKAGE_STRING "DADA 1.0"
| #define PACKAGE_BUGREPORT "straten@astron.nl"
| #define PACKAGE_URL ""
| #define PACKAGE "dada"
| #define VERSION "1.0"
| #define STDC_HEADERS 1
| #define HAVE_SYS_TYPES_H 1
| #define HAVE_SYS_STAT_H 1
| #define HAVE_STDLIB_H 1
| #define HAVE_STRING_H 1
| #define HAVE_MEMORY_H 1
| #define HAVE_STRINGS_H 1
| #define HAVE_INTTYPES_H 1
| #define HAVE_STDINT_H 1
| #define HAVE_UNISTD_H 1
| #define HAVE_DLFCN_H 1
| #define LT_OBJDIR ".libs/"
| #define HAVE_PTHREAD 1
| #define HAVE_PGPLOT 1
| #define HAVE_CUDA 1
| #define HAVE_CUFFT 1
| #define HAVE_OPENMP 1
| #define HAVE_FFTW3 1
| #define HAVE_PGPLOT 1
| /* end confdefs.h.  */
| #include <ipps.h>
| int
| main ()
| {
| ippsMalloc_32f(1);
|   ;
|   return 0;
| }
configure:21335: result: no
configure:21340: checking for old Intel Performance Primitives (IPP) installation
configure:21392: gcc -o conftest  -g -O2 -pthread -I/usr/local/include  -L/usr/local/lib  conftest.c -L. -lippsem64t -lippcoreem64t -lpthread   >&5
conftest.c:30:18: fatal error: ipps.h: No such file or directory
compilation terminated.
configure:21392: $? = 1
configure: failed program was:
| /* confdefs.h */
| #define PACKAGE_NAME "DADA"
| #define PACKAGE_TARNAME "dada"
| #define PACKAGE_VERSION "1.0"
| #define PACKAGE_STRING "DADA 1.0"
| #define PACKAGE_BUGREPORT "straten@astron.nl"
| #define PACKAGE_URL ""
| #define PACKAGE "dada"
| #define VERSION "1.0"
| #define STDC_HEADERS 1
| #define HAVE_SYS_TYPES_H 1
| #define HAVE_SYS_STAT_H 1
| #define HAVE_STDLIB_H 1
| #define HAVE_STRING_H 1
| #define HAVE_MEMORY_H 1
| #define HAVE_STRINGS_H 1
| #define HAVE_INTTYPES_H 1
| #define HAVE_STDINT_H 1
| #define HAVE_UNISTD_H 1
| #define HAVE_DLFCN_H 1
| #define LT_OBJDIR ".libs/"
| #define HAVE_PTHREAD 1
| #define HAVE_PGPLOT 1
| #define HAVE_CUDA 1
| #define HAVE_CUFFT 1
| #define HAVE_OPENMP 1
| #define HAVE_FFTW3 1
| #define HAVE_PGPLOT 1
| /* end confdefs.h.  */
| #include <ipps.h>
| int
| main ()
| {
| ippsMalloc_32f(1);
|   ;
|   return 0;
| }
configure:21414: result: no
configure:21513: checking for Intel Math Kernel Library (MKL) DFTI installation
configure:21555: gcc -c -I. -g -O2 -pthread -I/usr/local/include  conftest.c >&5
conftest.c:30:22: fatal error: mkl_dfti.h: No such file or directory
compilation terminated.
configure:21555: $? = 1
configure: failed program was:
| /* confdefs.h */
| #define PACKAGE_NAME "DADA"
| #define PACKAGE_TARNAME "dada"
| #define PACKAGE_VERSION "1.0"
| #define PACKAGE_STRING "DADA 1.0"
| #define PACKAGE_BUGREPORT "straten@astron.nl"
| #define PACKAGE_URL ""
| #define PACKAGE "dada"
| #define VERSION "1.0"
| #define STDC_HEADERS 1
| #define HAVE_SYS_TYPES_H 1
| #define HAVE_SYS_STAT_H 1
| #define HAVE_STDLIB_H 1
| #define HAVE_STRING_H 1
| #define HAVE_MEMORY_H 1
| #define HAVE_STRINGS_H 1
| #define HAVE_INTTYPES_H 1
| #define HAVE_STDINT_H 1
| #define HAVE_UNISTD_H 1
| #define HAVE_DLFCN_H 1
| #define LT_OBJDIR ".libs/"
| #define HAVE_PTHREAD 1
| #define HAVE_PGPLOT 1
| #define HAVE_CUDA 1
| #define HAVE_CUFFT 1
| #define HAVE_OPENMP 1
| #define HAVE_FFTW3 1
| #define HAVE_PGPLOT 1
| /* end confdefs.h.  */
| #include <mkl_dfti.h>
| int
| main ()
| {
| 
|   ;
|   return 0;
| }
configure:21622: gcc -o conftest  -g -O2 -pthread -I/usr/local/include  -L/usr/local/lib  conftest.c -L. -lmkl_core -lmkl_sequential -lmkl_intel_lp64 -lpthread -lm   >&5
conftest.c:30:22: fatal error: mkl_dfti.h: No such file or directory
compilation terminated.
configure:21622: $? = 1
configure: failed program was:
| /* confdefs.h */
| #define PACKAGE_NAME "DADA"
| #define PACKAGE_TARNAME "dada"
| #define PACKAGE_VERSION "1.0"
| #define PACKAGE_STRING "DADA 1.0"
| #define PACKAGE_BUGREPORT "straten@astron.nl"
| #define PACKAGE_URL ""
| #define PACKAGE "dada"
| #define VERSION "1.0"
| #define STDC_HEADERS 1
| #define HAVE_SYS_TYPES_H 1
| #define HAVE_SYS_STAT_H 1
| #define HAVE_STDLIB_H 1
| #define HAVE_STRING_H 1
| #define HAVE_MEMORY_H 1
| #define HAVE_STRINGS_H 1
| #define HAVE_INTTYPES_H 1
| #define HAVE_STDINT_H 1
| #define HAVE_UNISTD_H 1
| #define HAVE_DLFCN_H 1
| #define LT_OBJDIR ".libs/"
| #define HAVE_PTHREAD 1
| #define HAVE_PGPLOT 1
| #define HAVE_CUDA 1
| #define HAVE_CUFFT 1
| #define HAVE_OPENMP 1
| #define HAVE_FFTW3 1
| #define HAVE_PGPLOT 1
| /* end confdefs.h.  */
| #include <mkl_dfti.h>
| int
| main ()
| {
| DftiCreateDescriptor
|                            ( 0, DFTI_SINGLE, DFTI_REAL, 0, 0 );
|   ;
|   return 0;
| }
configure:21646: result: no
configure:21651: checking for old Intel Math Kernel Library (MKL) installation
configure:21688: gcc -o conftest  -g -O2 -pthread -I/usr/local/include  -L/usr/local/lib  conftest.c -L. -lmkl_core -lmkl_sequential -lmkl_intel_lp64 -lpthread -lm   >&5
/usr/bin/ld: cannot find -lmkl_core
/usr/bin/ld: cannot find -lmkl_sequential
/usr/bin/ld: cannot find -lmkl_intel_lp64
collect2: ld returned 1 exit status
configure:21688: $? = 1
configure: failed program was:
| /* confdefs.h */
| #define PACKAGE_NAME "DADA"
| #define PACKAGE_TARNAME "dada"
| #define PACKAGE_VERSION "1.0"
| #define PACKAGE_STRING "DADA 1.0"
| #define PACKAGE_BUGREPORT "straten@astron.nl"
| #define PACKAGE_URL ""
| #define PACKAGE "dada"
| #define VERSION "1.0"
| #define STDC_HEADERS 1
| #define HAVE_SYS_TYPES_H 1
| #define HAVE_SYS_STAT_H 1
| #define HAVE_STDLIB_H 1
| #define HAVE_STRING_H 1
| #define HAVE_MEMORY_H 1
| #define HAVE_STRINGS_H 1
| #define HAVE_INTTYPES_H 1
| #define HAVE_STDINT_H 1
| #define HAVE_UNISTD_H 1
| #define HAVE_DLFCN_H 1
| #define LT_OBJDIR ".libs/"
| #define HAVE_PTHREAD 1
| #define HAVE_PGPLOT 1
| #define HAVE_CUDA 1
| #define HAVE_CUFFT 1
| #define HAVE_OPENMP 1
| #define HAVE_FFTW3 1
| #define HAVE_PGPLOT 1
| /* end confdefs.h.  */
| void cfft1d_(float*,int*,int*,float*);
| int
| main ()
| {
| cfft1d_(0,0,0,0);
|   ;
|   return 0;
| }
configure:21711: result: no
configure:21816: checking for Intel Performance Primitives (IPP) installation
configure:21854: gcc -c -I. -g -O2 -pthread -I/usr/local/include  conftest.c >&5
conftest.c:30:18: fatal error: ipps.h: No such file or directory
compilation terminated.
configure:21854: $? = 1
configure: failed program was:
| /* confdefs.h */
| #define PACKAGE_NAME "DADA"
| #define PACKAGE_TARNAME "dada"
| #define PACKAGE_VERSION "1.0"
| #define PACKAGE_STRING "DADA 1.0"
| #define PACKAGE_BUGREPORT "straten@astron.nl"
| #define PACKAGE_URL ""
| #define PACKAGE "dada"
| #define VERSION "1.0"
| #define STDC_HEADERS 1
| #define HAVE_SYS_TYPES_H 1
| #define HAVE_SYS_STAT_H 1
| #define HAVE_STDLIB_H 1
| #define HAVE_STRING_H 1
| #define HAVE_MEMORY_H 1
| #define HAVE_STRINGS_H 1
| #define HAVE_INTTYPES_H 1
| #define HAVE_STDINT_H 1
| #define HAVE_UNISTD_H 1
| #define HAVE_DLFCN_H 1
| #define LT_OBJDIR ".libs/"
| #define HAVE_PTHREAD 1
| #define HAVE_PGPLOT 1
| #define HAVE_CUDA 1
| #define HAVE_CUFFT 1
| #define HAVE_OPENMP 1
| #define HAVE_FFTW3 1
| #define HAVE_PGPLOT 1
| /* end confdefs.h.  */
| #include <ipps.h>
| int
| main ()
| {
| 
|   ;
|   return 0;
| }
configure:21921: gcc -o conftest  -g -O2 -pthread -I/usr/local/include  -L/usr/local/lib  conftest.c -L. -lipps -lippcore -lpthread   >&5
conftest.c:30:18: fatal error: ipps.h: No such file or directory
compilation terminated.
configure:21921: $? = 1
configure: failed program was:
| /* confdefs.h */
| #define PACKAGE_NAME "DADA"
| #define PACKAGE_TARNAME "dada"
| #define PACKAGE_VERSION "1.0"
| #define PACKAGE_STRING "DADA 1.0"
| #define PACKAGE_BUGREPORT "straten@astron.nl"
| #define PACKAGE_URL ""
| #define PACKAGE "dada"
| #define VERSION "1.0"
| #define STDC_HEADERS 1
| #define HAVE_SYS_TYPES_H 1
| #define HAVE_SYS_STAT_H 1
| #define HAVE_STDLIB_H 1
| #define HAVE_STRING_H 1
| #define HAVE_MEMORY_H 1
| #define HAVE_STRINGS_H 1
| #define HAVE_INTTYPES_H 1
| #define HAVE_STDINT_H 1
| #define HAVE_UNISTD_H 1
| #define HAVE_DLFCN_H 1
| #define LT_OBJDIR ".libs/"
| #define HAVE_PTHREAD 1
| #define HAVE_PGPLOT 1
| #define HAVE_CUDA 1
| #define HAVE_CUFFT 1
| #define HAVE_OPENMP 1
| #define HAVE_FFTW3 1
| #define HAVE_PGPLOT 1
| /* end confdefs.h.  */
| #include <ipps.h>
| int
| main ()
| {
| ippsMalloc_32f(1);
|   ;
|   return 0;
| }
configure:21945: result: no
configure:21950: checking for old Intel Performance Primitives (IPP) installation
configure:22002: gcc -o conftest  -g -O2 -pthread -I/usr/local/include  -L/usr/local/lib  conftest.c -L. -lippsem64t -lippcoreem64t -lpthread   >&5
conftest.c:30:18: fatal error: ipps.h: No such file or directory
compilation terminated.
configure:22002: $? = 1
configure: failed program was:
| /* confdefs.h */
| #define PACKAGE_NAME "DADA"
| #define PACKAGE_TARNAME "dada"
| #define PACKAGE_VERSION "1.0"
| #define PACKAGE_STRING "DADA 1.0"
| #define PACKAGE_BUGREPORT "straten@astron.nl"
| #define PACKAGE_URL ""
| #define PACKAGE "dada"
| #define VERSION "1.0"
| #define STDC_HEADERS 1
| #define HAVE_SYS_TYPES_H 1
| #define HAVE_SYS_STAT_H 1
| #define HAVE_STDLIB_H 1
| #define HAVE_STRING_H 1
| #define HAVE_MEMORY_H 1
| #define HAVE_STRINGS_H 1
| #define HAVE_INTTYPES_H 1
| #define HAVE_STDINT_H 1
| #define HAVE_UNISTD_H 1
| #define HAVE_DLFCN_H 1
| #define LT_OBJDIR ".libs/"
| #define HAVE_PTHREAD 1
| #define HAVE_PGPLOT 1
| #define HAVE_CUDA 1
| #define HAVE_CUFFT 1
| #define HAVE_OPENMP 1
| #define HAVE_FFTW3 1
| #define HAVE_PGPLOT 1
| /* end confdefs.h.  */
| #include <ipps.h>
| int
| main ()
| {
| ippsMalloc_32f(1);
|   ;
|   return 0;
| }
configure:22024: result: no
configure:22123: checking for GSL libary installation
configure:22128: checking for gsl-config
configure:22146: found /usr/bin/gsl-config
configure:22159: result: /usr/bin/gsl-config
configure:22191: gcc -o conftest -g -O2 -pthread -I/usr/include -I/usr/local/include  -L/usr/local/lib  conftest.c   -L/usr/lib -lgsl -lgslcblas -lm >&5
configure:22191: $? = 0
configure:22199: result: yes
configure:22290: checking for RDMACM Library (Infiniband) installation
configure:22332: gcc -c -I. -g -O2 -pthread -I/usr/local/include  conftest.c >&5
conftest.c:31:27: fatal error: rdma/rdma_cma.h: No such file or directory
compilation terminated.
configure:22332: $? = 1
configure: failed program was:
| /* confdefs.h */
| #define PACKAGE_NAME "DADA"
| #define PACKAGE_TARNAME "dada"
| #define PACKAGE_VERSION "1.0"
| #define PACKAGE_STRING "DADA 1.0"
| #define PACKAGE_BUGREPORT "straten@astron.nl"
| #define PACKAGE_URL ""
| #define PACKAGE "dada"
| #define VERSION "1.0"
| #define STDC_HEADERS 1
| #define HAVE_SYS_TYPES_H 1
| #define HAVE_SYS_STAT_H 1
| #define HAVE_STDLIB_H 1
| #define HAVE_STRING_H 1
| #define HAVE_MEMORY_H 1
| #define HAVE_STRINGS_H 1
| #define HAVE_INTTYPES_H 1
| #define HAVE_STDINT_H 1
| #define HAVE_UNISTD_H 1
| #define HAVE_DLFCN_H 1
| #define LT_OBJDIR ".libs/"
| #define HAVE_PTHREAD 1
| #define HAVE_PGPLOT 1
| #define HAVE_CUDA 1
| #define HAVE_CUFFT 1
| #define HAVE_OPENMP 1
| #define HAVE_FFTW3 1
| #define HAVE_PGPLOT 1
| #define HAVE_GSL 1
| /* end confdefs.h.  */
| #include <rdma/rdma_cma.h>
| int
| main ()
| {
| 
|   ;
|   return 0;
| }
configure:22398: gcc -o conftest  -g -O2 -pthread -I/usr/local/include  -L/usr/local/lib  conftest.c -L. -lrdmacm -libverbs   >&5
conftest.c:31:27: fatal error: rdma/rdma_cma.h: No such file or directory
compilation terminated.
configure:22398: $? = 1
configure: failed program was:
| /* confdefs.h */
| #define PACKAGE_NAME "DADA"
| #define PACKAGE_TARNAME "dada"
| #define PACKAGE_VERSION "1.0"
| #define PACKAGE_STRING "DADA 1.0"
| #define PACKAGE_BUGREPORT "straten@astron.nl"
| #define PACKAGE_URL ""
| #define PACKAGE "dada"
| #define VERSION "1.0"
| #define STDC_HEADERS 1
| #define HAVE_SYS_TYPES_H 1
| #define HAVE_SYS_STAT_H 1
| #define HAVE_STDLIB_H 1
| #define HAVE_STRING_H 1
| #define HAVE_MEMORY_H 1
| #define HAVE_STRINGS_H 1
| #define HAVE_INTTYPES_H 1
| #define HAVE_STDINT_H 1
| #define HAVE_UNISTD_H 1
| #define HAVE_DLFCN_H 1
| #define LT_OBJDIR ".libs/"
| #define HAVE_PTHREAD 1
| #define HAVE_PGPLOT 1
| #define HAVE_CUDA 1
| #define HAVE_CUFFT 1
| #define HAVE_OPENMP 1
| #define HAVE_FFTW3 1
| #define HAVE_PGPLOT 1
| #define HAVE_GSL 1
| /* end confdefs.h.  */
| #include <rdma/rdma_cma.h>
| int
| main ()
| {
|  rdma_create_event_channel();
|   ;
|   return 0;
| }
configure:22422: result: no
configure:22512: checking for SOFA Library installation
configure:22554: gcc -c -I. -g -O2 -pthread -I/usr/local/include  conftest.c >&5
conftest.c:31:18: warning: extra tokens at end of #include directive [enabled by default]
conftest.c:31:36: fatal error: sofa.h: No such file or directory
compilation terminated.
configure:22554: $? = 1
configure: failed program was:
| /* confdefs.h */
| #define PACKAGE_NAME "DADA"
| #define PACKAGE_TARNAME "dada"
| #define PACKAGE_VERSION "1.0"
| #define PACKAGE_STRING "DADA 1.0"
| #define PACKAGE_BUGREPORT "straten@astron.nl"
| #define PACKAGE_URL ""
| #define PACKAGE "dada"
| #define VERSION "1.0"
| #define STDC_HEADERS 1
| #define HAVE_SYS_TYPES_H 1
| #define HAVE_SYS_STAT_H 1
| #define HAVE_STDLIB_H 1
| #define HAVE_STRING_H 1
| #define HAVE_MEMORY_H 1
| #define HAVE_STRINGS_H 1
| #define HAVE_INTTYPES_H 1
| #define HAVE_STDINT_H 1
| #define HAVE_UNISTD_H 1
| #define HAVE_DLFCN_H 1
| #define LT_OBJDIR ".libs/"
| #define HAVE_PTHREAD 1
| #define HAVE_PGPLOT 1
| #define HAVE_CUDA 1
| #define HAVE_CUFFT 1
| #define HAVE_OPENMP 1
| #define HAVE_FFTW3 1
| #define HAVE_PGPLOT 1
| #define HAVE_GSL 1
| /* end confdefs.h.  */
| #include <sofa.h>;#include <math.h>
| int
| main ()
| {
| iauAnp(0.0);
|   ;
|   return 0;
| }
configure:22620: gcc -o conftest  -g -O2 -pthread -I/usr/local/include  -L/usr/local/lib  conftest.c -L. -lsofa_c -lm   >&5
conftest.c:31:18: fatal error: sofa.h: No such file or directory
compilation terminated.
configure:22620: $? = 1
configure: failed program was:
| /* confdefs.h */
| #define PACKAGE_NAME "DADA"
| #define PACKAGE_TARNAME "dada"
| #define PACKAGE_VERSION "1.0"
| #define PACKAGE_STRING "DADA 1.0"
| #define PACKAGE_BUGREPORT "straten@astron.nl"
| #define PACKAGE_URL ""
| #define PACKAGE "dada"
| #define VERSION "1.0"
| #define STDC_HEADERS 1
| #define HAVE_SYS_TYPES_H 1
| #define HAVE_SYS_STAT_H 1
| #define HAVE_STDLIB_H 1
| #define HAVE_STRING_H 1
| #define HAVE_MEMORY_H 1
| #define HAVE_STRINGS_H 1
| #define HAVE_INTTYPES_H 1
| #define HAVE_STDINT_H 1
| #define HAVE_UNISTD_H 1
| #define HAVE_DLFCN_H 1
| #define LT_OBJDIR ".libs/"
| #define HAVE_PTHREAD 1
| #define HAVE_PGPLOT 1
| #define HAVE_CUDA 1
| #define HAVE_CUFFT 1
| #define HAVE_OPENMP 1
| #define HAVE_FFTW3 1
| #define HAVE_PGPLOT 1
| #define HAVE_GSL 1
| /* end confdefs.h.  */
| #include <sofa.h>
| int
| main ()
| {
|  iauAnp(0.0);
|   ;
|   return 0;
| }
configure:22644: result: no
configure:22733: checking for HWLOC libary installation
configure:22755: gcc -o conftest -g -O2 -pthread  -I/usr/local/include  -L/usr/local/lib  conftest.c    >&5
conftest.c:31:19: fatal error: hwloc.h: No such file or directory
compilation terminated.
configure:22755: $? = 1
configure: failed program was:
| /* confdefs.h */
| #define PACKAGE_NAME "DADA"
| #define PACKAGE_TARNAME "dada"
| #define PACKAGE_VERSION "1.0"
| #define PACKAGE_STRING "DADA 1.0"
| #define PACKAGE_BUGREPORT "straten@astron.nl"
| #define PACKAGE_URL ""
| #define PACKAGE "dada"
| #define VERSION "1.0"
| #define STDC_HEADERS 1
| #define HAVE_SYS_TYPES_H 1
| #define HAVE_SYS_STAT_H 1
| #define HAVE_STDLIB_H 1
| #define HAVE_STRING_H 1
| #define HAVE_MEMORY_H 1
| #define HAVE_STRINGS_H 1
| #define HAVE_INTTYPES_H 1
| #define HAVE_STDINT_H 1
| #define HAVE_UNISTD_H 1
| #define HAVE_DLFCN_H 1
| #define LT_OBJDIR ".libs/"
| #define HAVE_PTHREAD 1
| #define HAVE_PGPLOT 1
| #define HAVE_CUDA 1
| #define HAVE_CUFFT 1
| #define HAVE_OPENMP 1
| #define HAVE_FFTW3 1
| #define HAVE_PGPLOT 1
| #define HAVE_GSL 1
| /* end confdefs.h.  */
| #include <hwloc.h>
| int
| main ()
| {
| hwloc_topology_t topology; hwloc_topology_init(&topology);
|   ;
|   return 0;
| }
configure:22763: result: no
configure:22775: WARNING: HWLOC-dependent code will not be compiled.
configure:22854: checking for XGPU Library
configure:22896: gcc -c -I. -g -O2 -pthread -I/usr/local/include  conftest.c >&5
configure:22896: $? = 0
configure:22962: gcc -o conftest  -g -O2 -pthread -I/usr/local/include  -L/usr/local/lib  conftest.c -L/usr/local/lib -lxgpu   >&5
configure:22962: $? = 0
configure:22986: result: yes
configure:23017: checking for sin in -lm
configure:23042: gcc -o conftest -g -O2 -pthread -I/usr/local/include  -L/usr/local/lib  conftest.c -lm    >&5
conftest.c:39:6: warning: conflicting types for built-in function 'sin' [enabled by default]
configure:23042: $? = 0
configure:23051: result: yes
configure:23066: checking for ANSI C header files
configure:23170: result: yes
configure:23181: checking arpa/inet.h usability
configure:23181: gcc -c -g -O2 -pthread -I/usr/local/include  conftest.c >&5
configure:23181: $? = 0
configure:23181: result: yes
configure:23181: checking arpa/inet.h presence
configure:23181: gcc -E -I/usr/local/include  conftest.c
configure:23181: $? = 0
configure:23181: result: yes
configure:23181: checking for arpa/inet.h
configure:23181: result: yes
configure:23181: checking fcntl.h usability
configure:23181: gcc -c -g -O2 -pthread -I/usr/local/include  conftest.c >&5
configure:23181: $? = 0
configure:23181: result: yes
configure:23181: checking fcntl.h presence
configure:23181: gcc -E -I/usr/local/include  conftest.c
configure:23181: $? = 0
configure:23181: result: yes
configure:23181: checking for fcntl.h
configure:23181: result: yes
configure:23181: checking for inttypes.h
configure:23181: result: yes
configure:23181: checking netdb.h usability
configure:23181: gcc -c -g -O2 -pthread -I/usr/local/include  conftest.c >&5
configure:23181: $? = 0
configure:23181: result: yes
configure:23181: checking netdb.h presence
configure:23181: gcc -E -I/usr/local/include  conftest.c
configure:23181: $? = 0
configure:23181: result: yes
configure:23181: checking for netdb.h
configure:23181: result: yes
configure:23181: checking netinet/in.h usability
configure:23181: gcc -c -g -O2 -pthread -I/usr/local/include  conftest.c >&5
configure:23181: $? = 0
configure:23181: result: yes
configure:23181: checking netinet/in.h presence
configure:23181: gcc -E -I/usr/local/include  conftest.c
configure:23181: $? = 0
configure:23181: result: yes
configure:23181: checking for netinet/in.h
configure:23181: result: yes
configure:23181: checking for stdlib.h
configure:23181: result: yes
configure:23181: checking for string.h
configure:23181: result: yes
configure:23181: checking sys/ioctl.h usability
configure:23181: gcc -c -g -O2 -pthread -I/usr/local/include  conftest.c >&5
configure:23181: $? = 0
configure:23181: result: yes
configure:23181: checking sys/ioctl.h presence
configure:23181: gcc -E -I/usr/local/include  conftest.c
configure:23181: $? = 0
configure:23181: result: yes
configure:23181: checking for sys/ioctl.h
configure:23181: result: yes
configure:23181: checking sys/socket.h usability
configure:23181: gcc -c -g -O2 -pthread -I/usr/local/include  conftest.c >&5
configure:23181: $? = 0
configure:23181: result: yes
configure:23181: checking sys/socket.h presence
configure:23181: gcc -E -I/usr/local/include  conftest.c
configure:23181: $? = 0
configure:23181: result: yes
configure:23181: checking for sys/socket.h
configure:23181: result: yes
configure:23181: checking sys/time.h usability
configure:23181: gcc -c -g -O2 -pthread -I/usr/local/include  conftest.c >&5
configure:23181: $? = 0
configure:23181: result: yes
configure:23181: checking sys/time.h presence
configure:23181: gcc -E -I/usr/local/include  conftest.c
configure:23181: $? = 0
configure:23181: result: yes
configure:23181: checking for sys/time.h
configure:23181: result: yes
configure:23181: checking sys/statvfs.h usability
configure:23181: gcc -c -g -O2 -pthread -I/usr/local/include  conftest.c >&5
configure:23181: $? = 0
configure:23181: result: yes
configure:23181: checking sys/statvfs.h presence
configure:23181: gcc -E -I/usr/local/include  conftest.c
configure:23181: $? = 0
configure:23181: result: yes
configure:23181: checking for sys/statvfs.h
configure:23181: result: yes
configure:23181: checking sys/vfs.h usability
configure:23181: gcc -c -g -O2 -pthread -I/usr/local/include  conftest.c >&5
configure:23181: $? = 0
configure:23181: result: yes
configure:23181: checking sys/vfs.h presence
configure:23181: gcc -E -I/usr/local/include  conftest.c
configure:23181: $? = 0
configure:23181: result: yes
configure:23181: checking for sys/vfs.h
configure:23181: result: yes
configure:23181: checking sys/mount.h usability
configure:23181: gcc -c -g -O2 -pthread -I/usr/local/include  conftest.c >&5
configure:23181: $? = 0
configure:23181: result: yes
configure:23181: checking sys/mount.h presence
configure:23181: gcc -E -I/usr/local/include  conftest.c
configure:23181: $? = 0
configure:23181: result: yes
configure:23181: checking for sys/mount.h
configure:23181: result: yes
configure:23181: checking syslog.h usability
configure:23181: gcc -c -g -O2 -pthread -I/usr/local/include  conftest.c >&5
configure:23181: $? = 0
configure:23181: result: yes
configure:23181: checking syslog.h presence
configure:23181: gcc -E -I/usr/local/include  conftest.c
configure:23181: $? = 0
configure:23181: result: yes
configure:23181: checking for syslog.h
configure:23181: result: yes
configure:23181: checking for unistd.h
configure:23181: result: yes
configure:23195: checking for an ANSI C-conforming const
configure:23260: gcc -c -g -O2 -pthread -I/usr/local/include  conftest.c >&5
configure:23260: $? = 0
configure:23267: result: yes
configure:23275: checking for pid_t
configure:23275: gcc -c -g -O2 -pthread -I/usr/local/include  conftest.c >&5
configure:23275: $? = 0
configure:23275: gcc -c -g -O2 -pthread -I/usr/local/include  conftest.c >&5
conftest.c: In function 'main':
conftest.c:85:20: error: expected expression before ')' token
configure:23275: $? = 1
configure: failed program was:
| /* confdefs.h */
| #define PACKAGE_NAME "DADA"
| #define PACKAGE_TARNAME "dada"
| #define PACKAGE_VERSION "1.0"
| #define PACKAGE_STRING "DADA 1.0"
| #define PACKAGE_BUGREPORT "straten@astron.nl"
| #define PACKAGE_URL ""
| #define PACKAGE "dada"
| #define VERSION "1.0"
| #define STDC_HEADERS 1
| #define HAVE_SYS_TYPES_H 1
| #define HAVE_SYS_STAT_H 1
| #define HAVE_STDLIB_H 1
| #define HAVE_STRING_H 1
| #define HAVE_MEMORY_H 1
| #define HAVE_STRINGS_H 1
| #define HAVE_INTTYPES_H 1
| #define HAVE_STDINT_H 1
| #define HAVE_UNISTD_H 1
| #define HAVE_DLFCN_H 1
| #define LT_OBJDIR ".libs/"
| #define HAVE_PTHREAD 1
| #define HAVE_PGPLOT 1
| #define HAVE_CUDA 1
| #define HAVE_CUFFT 1
| #define HAVE_OPENMP 1
| #define HAVE_FFTW3 1
| #define HAVE_PGPLOT 1
| #define HAVE_GSL 1
| #define HAVE_XGPU 1
| #define HAVE_LIBM 1
| #define STDC_HEADERS 1
| #define HAVE_ARPA_INET_H 1
| #define HAVE_FCNTL_H 1
| #define HAVE_INTTYPES_H 1
| #define HAVE_NETDB_H 1
| #define HAVE_NETINET_IN_H 1
| #define HAVE_STDLIB_H 1
| #define HAVE_STRING_H 1
| #define HAVE_SYS_IOCTL_H 1
| #define HAVE_SYS_SOCKET_H 1
| #define HAVE_SYS_TIME_H 1
| #define HAVE_SYS_STATVFS_H 1
| #define HAVE_SYS_VFS_H 1
| #define HAVE_SYS_MOUNT_H 1
| #define HAVE_SYSLOG_H 1
| #define HAVE_UNISTD_H 1
| /* end confdefs.h.  */
| #include <stdio.h>
| #ifdef HAVE_SYS_TYPES_H
| # include <sys/types.h>
| #endif
| #ifdef HAVE_SYS_STAT_H
| # include <sys/stat.h>
| #endif
| #ifdef STDC_HEADERS
| # include <stdlib.h>
| # include <stddef.h>
| #else
| # ifdef HAVE_STDLIB_H
| #  include <stdlib.h>
| # endif
| #endif
| #ifdef HAVE_STRING_H
| # if !defined STDC_HEADERS && defined HAVE_MEMORY_H
| #  include <memory.h>
| # endif
| # include <string.h>
| #endif
| #ifdef HAVE_STRINGS_H
| # include <strings.h>
| #endif
| #ifdef HAVE_INTTYPES_H
| # include <inttypes.h>
| #endif
| #ifdef HAVE_STDINT_H
| # include <stdint.h>
| #endif
| #ifdef HAVE_UNISTD_H
| # include <unistd.h>
| #endif
| int
| main ()
| {
| if (sizeof ((pid_t)))
| 	    return 0;
|   ;
|   return 0;
| }
configure:23275: result: yes
configure:23286: checking for size_t
configure:23286: gcc -c -g -O2 -pthread -I/usr/local/include  conftest.c >&5
configure:23286: $? = 0
configure:23286: gcc -c -g -O2 -pthread -I/usr/local/include  conftest.c >&5
conftest.c: In function 'main':
conftest.c:85:21: error: expected expression before ')' token
configure:23286: $? = 1
configure: failed program was:
| /* confdefs.h */
| #define PACKAGE_NAME "DADA"
| #define PACKAGE_TARNAME "dada"
| #define PACKAGE_VERSION "1.0"
| #define PACKAGE_STRING "DADA 1.0"
| #define PACKAGE_BUGREPORT "straten@astron.nl"
| #define PACKAGE_URL ""
| #define PACKAGE "dada"
| #define VERSION "1.0"
| #define STDC_HEADERS 1
| #define HAVE_SYS_TYPES_H 1
| #define HAVE_SYS_STAT_H 1
| #define HAVE_STDLIB_H 1
| #define HAVE_STRING_H 1
| #define HAVE_MEMORY_H 1
| #define HAVE_STRINGS_H 1
| #define HAVE_INTTYPES_H 1
| #define HAVE_STDINT_H 1
| #define HAVE_UNISTD_H 1
| #define HAVE_DLFCN_H 1
| #define LT_OBJDIR ".libs/"
| #define HAVE_PTHREAD 1
| #define HAVE_PGPLOT 1
| #define HAVE_CUDA 1
| #define HAVE_CUFFT 1
| #define HAVE_OPENMP 1
| #define HAVE_FFTW3 1
| #define HAVE_PGPLOT 1
| #define HAVE_GSL 1
| #define HAVE_XGPU 1
| #define HAVE_LIBM 1
| #define STDC_HEADERS 1
| #define HAVE_ARPA_INET_H 1
| #define HAVE_FCNTL_H 1
| #define HAVE_INTTYPES_H 1
| #define HAVE_NETDB_H 1
| #define HAVE_NETINET_IN_H 1
| #define HAVE_STDLIB_H 1
| #define HAVE_STRING_H 1
| #define HAVE_SYS_IOCTL_H 1
| #define HAVE_SYS_SOCKET_H 1
| #define HAVE_SYS_TIME_H 1
| #define HAVE_SYS_STATVFS_H 1
| #define HAVE_SYS_VFS_H 1
| #define HAVE_SYS_MOUNT_H 1
| #define HAVE_SYSLOG_H 1
| #define HAVE_UNISTD_H 1
| /* end confdefs.h.  */
| #include <stdio.h>
| #ifdef HAVE_SYS_TYPES_H
| # include <sys/types.h>
| #endif
| #ifdef HAVE_SYS_STAT_H
| # include <sys/stat.h>
| #endif
| #ifdef STDC_HEADERS
| # include <stdlib.h>
| # include <stddef.h>
| #else
| # ifdef HAVE_STDLIB_H
| #  include <stdlib.h>
| # endif
| #endif
| #ifdef HAVE_STRING_H
| # if !defined STDC_HEADERS && defined HAVE_MEMORY_H
| #  include <memory.h>
| # endif
| # include <string.h>
| #endif
| #ifdef HAVE_STRINGS_H
| # include <strings.h>
| #endif
| #ifdef HAVE_INTTYPES_H
| # include <inttypes.h>
| #endif
| #ifdef HAVE_STDINT_H
| # include <stdint.h>
| #endif
| #ifdef HAVE_UNISTD_H
| # include <unistd.h>
| #endif
| int
| main ()
| {
| if (sizeof ((size_t)))
| 	    return 0;
|   ;
|   return 0;
| }
configure:23286: result: yes
configure:23297: checking whether time.h and sys/time.h may both be included
configure:23317: gcc -c -g -O2 -pthread -I/usr/local/include  conftest.c >&5
configure:23317: $? = 0
configure:23324: result: yes
configure:23332: checking whether struct tm is in sys/time.h or time.h
configure:23352: gcc -c -g -O2 -pthread -I/usr/local/include  conftest.c >&5
configure:23352: $? = 0
configure:23359: result: time.h
configure:23376: checking sched.h usability
configure:23376: gcc -c -g -O2 -pthread -I/usr/local/include  conftest.c >&5
configure:23376: $? = 0
configure:23376: result: yes
configure:23376: checking sched.h presence
configure:23376: gcc -E -I/usr/local/include  conftest.c
configure:23376: $? = 0
configure:23376: result: yes
configure:23376: checking for sched.h
configure:23376: result: yes
configure:23388: checking for sched_setaffinity
configure:23388: gcc -o conftest -g -O2 -pthread -I/usr/local/include  -L/usr/local/lib  conftest.c -lm   >&5
configure:23388: $? = 0
configure:23388: result: yes
configure:23411: checking vfork.h usability
configure:23411: gcc -c -g -O2 -pthread -I/usr/local/include  conftest.c >&5
conftest.c:85:19: fatal error: vfork.h: No such file or directory
compilation terminated.
configure:23411: $? = 1
configure: failed program was:
| /* confdefs.h */
| #define PACKAGE_NAME "DADA"
| #define PACKAGE_TARNAME "dada"
| #define PACKAGE_VERSION "1.0"
| #define PACKAGE_STRING "DADA 1.0"
| #define PACKAGE_BUGREPORT "straten@astron.nl"
| #define PACKAGE_URL ""
| #define PACKAGE "dada"
| #define VERSION "1.0"
| #define STDC_HEADERS 1
| #define HAVE_SYS_TYPES_H 1
| #define HAVE_SYS_STAT_H 1
| #define HAVE_STDLIB_H 1
| #define HAVE_STRING_H 1
| #define HAVE_MEMORY_H 1
| #define HAVE_STRINGS_H 1
| #define HAVE_INTTYPES_H 1
| #define HAVE_STDINT_H 1
| #define HAVE_UNISTD_H 1
| #define HAVE_DLFCN_H 1
| #define LT_OBJDIR ".libs/"
| #define HAVE_PTHREAD 1
| #define HAVE_PGPLOT 1
| #define HAVE_CUDA 1
| #define HAVE_CUFFT 1
| #define HAVE_OPENMP 1
| #define HAVE_FFTW3 1
| #define HAVE_PGPLOT 1
| #define HAVE_GSL 1
| #define HAVE_XGPU 1
| #define HAVE_LIBM 1
| #define STDC_HEADERS 1
| #define HAVE_ARPA_INET_H 1
| #define HAVE_FCNTL_H 1
| #define HAVE_INTTYPES_H 1
| #define HAVE_NETDB_H 1
| #define HAVE_NETINET_IN_H 1
| #define HAVE_STDLIB_H 1
| #define HAVE_STRING_H 1
| #define HAVE_SYS_IOCTL_H 1
| #define HAVE_SYS_SOCKET_H 1
| #define HAVE_SYS_TIME_H 1
| #define HAVE_SYS_STATVFS_H 1
| #define HAVE_SYS_VFS_H 1
| #define HAVE_SYS_MOUNT_H 1
| #define HAVE_SYSLOG_H 1
| #define HAVE_UNISTD_H 1
| #define TIME_WITH_SYS_TIME 1
| #define HAVE_SCHED_H 1
| #define HAVE_SCHED_SETAFFINITY 1
| /* end confdefs.h.  */
| #include <stdio.h>
| #ifdef HAVE_SYS_TYPES_H
| # include <sys/types.h>
| #endif
| #ifdef HAVE_SYS_STAT_H
| # include <sys/stat.h>
| #endif
| #ifdef STDC_HEADERS
| # include <stdlib.h>
| # include <stddef.h>
| #else
| # ifdef HAVE_STDLIB_H
| #  include <stdlib.h>
| # endif
| #endif
| #ifdef HAVE_STRING_H
| # if !defined STDC_HEADERS && defined HAVE_MEMORY_H
| #  include <memory.h>
| # endif
| # include <string.h>
| #endif
| #ifdef HAVE_STRINGS_H
| # include <strings.h>
| #endif
| #ifdef HAVE_INTTYPES_H
| # include <inttypes.h>
| #endif
| #ifdef HAVE_STDINT_H
| # include <stdint.h>
| #endif
| #ifdef HAVE_UNISTD_H
| # include <unistd.h>
| #endif
| #include <vfork.h>
configure:23411: result: no
configure:23411: checking vfork.h presence
configure:23411: gcc -E -I/usr/local/include  conftest.c
conftest.c:52:19: fatal error: vfork.h: No such file or directory
compilation terminated.
configure:23411: $? = 1
configure: failed program was:
| /* confdefs.h */
| #define PACKAGE_NAME "DADA"
| #define PACKAGE_TARNAME "dada"
| #define PACKAGE_VERSION "1.0"
| #define PACKAGE_STRING "DADA 1.0"
| #define PACKAGE_BUGREPORT "straten@astron.nl"
| #define PACKAGE_URL ""
| #define PACKAGE "dada"
| #define VERSION "1.0"
| #define STDC_HEADERS 1
| #define HAVE_SYS_TYPES_H 1
| #define HAVE_SYS_STAT_H 1
| #define HAVE_STDLIB_H 1
| #define HAVE_STRING_H 1
| #define HAVE_MEMORY_H 1
| #define HAVE_STRINGS_H 1
| #define HAVE_INTTYPES_H 1
| #define HAVE_STDINT_H 1
| #define HAVE_UNISTD_H 1
| #define HAVE_DLFCN_H 1
| #define LT_OBJDIR ".libs/"
| #define HAVE_PTHREAD 1
| #define HAVE_PGPLOT 1
| #define HAVE_CUDA 1
| #define HAVE_CUFFT 1
| #define HAVE_OPENMP 1
| #define HAVE_FFTW3 1
| #define HAVE_PGPLOT 1
| #define HAVE_GSL 1
| #define HAVE_XGPU 1
| #define HAVE_LIBM 1
| #define STDC_HEADERS 1
| #define HAVE_ARPA_INET_H 1
| #define HAVE_FCNTL_H 1
| #define HAVE_INTTYPES_H 1
| #define HAVE_NETDB_H 1
| #define HAVE_NETINET_IN_H 1
| #define HAVE_STDLIB_H 1
| #define HAVE_STRING_H 1
| #define HAVE_SYS_IOCTL_H 1
| #define HAVE_SYS_SOCKET_H 1
| #define HAVE_SYS_TIME_H 1
| #define HAVE_SYS_STATVFS_H 1
| #define HAVE_SYS_VFS_H 1
| #define HAVE_SYS_MOUNT_H 1
| #define HAVE_SYSLOG_H 1
| #define HAVE_UNISTD_H 1
| #define TIME_WITH_SYS_TIME 1
| #define HAVE_SCHED_H 1
| #define HAVE_SCHED_SETAFFINITY 1
| /* end confdefs.h.  */
| #include <vfork.h>
configure:23411: result: no
configure:23411: checking for vfork.h
configure:23411: result: no
configure:23424: checking for fork
configure:23424: gcc -o conftest -g -O2 -pthread -I/usr/local/include  -L/usr/local/lib  conftest.c -lm   >&5
conftest.c:75:6: warning: conflicting types for built-in function 'fork' [enabled by default]
configure:23424: $? = 0
configure:23424: result: yes
configure:23424: checking for vfork
configure:23424: gcc -o conftest -g -O2 -pthread -I/usr/local/include  -L/usr/local/lib  conftest.c -lm   >&5
configure:23424: $? = 0
configure:23424: result: yes
configure:23434: checking for working fork
configure:23456: gcc -o conftest -g -O2 -pthread -I/usr/local/include  -L/usr/local/lib  conftest.c -lm   >&5
configure:23456: $? = 0
configure:23456: ./conftest
configure:23456: $? = 0
configure:23466: result: yes
configure:23487: checking for working vfork
configure:23597: result: yes
configure:23624: checking for stdlib.h
configure:23624: result: yes
configure:23634: checking for GNU libc compatible malloc
configure:23658: gcc -o conftest -g -O2 -pthread -I/usr/local/include  -L/usr/local/lib  conftest.c -lm   >&5
configure:23658: $? = 0
configure:23658: ./conftest
configure:23658: $? = 0
configure:23668: result: yes
configure:23689: checking for working memcmp
configure:23732: gcc -o conftest -g -O2 -pthread -I/usr/local/include  -L/usr/local/lib  conftest.c -lm   >&5
configure:23732: $? = 0
configure:23732: ./conftest
configure:23732: $? = 0
configure:23742: result: yes
configure:23757: checking for sys/time.h
configure:23757: result: yes
configure:23757: checking for unistd.h
configure:23757: result: yes
configure:23778: checking for alarm
configure:23778: gcc -o conftest -g -O2 -pthread -I/usr/local/include  -L/usr/local/lib  conftest.c -lm   >&5
configure:23778: $? = 0
configure:23778: result: yes
configure:23791: checking for working mktime
configure:23993: gcc -o conftest -g -O2 -pthread -I/usr/local/include  -L/usr/local/lib  conftest.c -lm   >&5
configure:23993: $? = 0
configure:23993: ./conftest
configure:23993: $? = 0
configure:24003: result: yes
configure:24016: checking for stdlib.h
configure:24016: result: yes
configure:24026: checking for GNU libc compatible realloc
configure:24050: gcc -o conftest -g -O2 -pthread -I/usr/local/include  -L/usr/local/lib  conftest.c -lm   >&5
configure:24050: $? = 0
configure:24050: ./conftest
configure:24050: $? = 0
configure:24060: result: yes
configure:24084: checking sys/select.h usability
configure:24084: gcc -c -g -O2 -pthread -I/usr/local/include  conftest.c >&5
configure:24084: $? = 0
configure:24084: result: yes
configure:24084: checking sys/select.h presence
configure:24084: gcc -E -I/usr/local/include  conftest.c
configure:24084: $? = 0
configure:24084: result: yes
configure:24084: checking for sys/select.h
configure:24084: result: yes
configure:24084: checking for sys/socket.h
configure:24084: result: yes
configure:24094: checking types of arguments for select
configure:24122: gcc -c -g -O2 -pthread -I/usr/local/include  conftest.c >&5
configure:24122: $? = 0
configure:24133: result: int,fd_set *,struct timeval *
configure:24163: checking return type of signal handlers
configure:24181: gcc -c -g -O2 -pthread -I/usr/local/include  conftest.c >&5
conftest.c: In function 'main':
conftest.c:74:1: error: void value not ignored as it ought to be
configure:24181: $? = 1
configure: failed program was:
| /* confdefs.h */
| #define PACKAGE_NAME "DADA"
| #define PACKAGE_TARNAME "dada"
| #define PACKAGE_VERSION "1.0"
| #define PACKAGE_STRING "DADA 1.0"
| #define PACKAGE_BUGREPORT "straten@astron.nl"
| #define PACKAGE_URL ""
| #define PACKAGE "dada"
| #define VERSION "1.0"
| #define STDC_HEADERS 1
| #define HAVE_SYS_TYPES_H 1
| #define HAVE_SYS_STAT_H 1
| #define HAVE_STDLIB_H 1
| #define HAVE_STRING_H 1
| #define HAVE_MEMORY_H 1
| #define HAVE_STRINGS_H 1
| #define HAVE_INTTYPES_H 1
| #define HAVE_STDINT_H 1
| #define HAVE_UNISTD_H 1
| #define HAVE_DLFCN_H 1
| #define LT_OBJDIR ".libs/"
| #define HAVE_PTHREAD 1
| #define HAVE_PGPLOT 1
| #define HAVE_CUDA 1
| #define HAVE_CUFFT 1
| #define HAVE_OPENMP 1
| #define HAVE_FFTW3 1
| #define HAVE_PGPLOT 1
| #define HAVE_GSL 1
| #define HAVE_XGPU 1
| #define HAVE_LIBM 1
| #define STDC_HEADERS 1
| #define HAVE_ARPA_INET_H 1
| #define HAVE_FCNTL_H 1
| #define HAVE_INTTYPES_H 1
| #define HAVE_NETDB_H 1
| #define HAVE_NETINET_IN_H 1
| #define HAVE_STDLIB_H 1
| #define HAVE_STRING_H 1
| #define HAVE_SYS_IOCTL_H 1
| #define HAVE_SYS_SOCKET_H 1
| #define HAVE_SYS_TIME_H 1
| #define HAVE_SYS_STATVFS_H 1
| #define HAVE_SYS_VFS_H 1
| #define HAVE_SYS_MOUNT_H 1
| #define HAVE_SYSLOG_H 1
| #define HAVE_UNISTD_H 1
| #define TIME_WITH_SYS_TIME 1
| #define HAVE_SCHED_H 1
| #define HAVE_SCHED_SETAFFINITY 1
| #define HAVE_FORK 1
| #define HAVE_VFORK 1
| #define HAVE_WORKING_VFORK 1
| #define HAVE_WORKING_FORK 1
| #define HAVE_STDLIB_H 1
| #define HAVE_MALLOC 1
| #define HAVE_SYS_TIME_H 1
| #define HAVE_UNISTD_H 1
| #define HAVE_ALARM 1
| #define HAVE_STDLIB_H 1
| #define HAVE_REALLOC 1
| #define HAVE_SYS_SELECT_H 1
| #define HAVE_SYS_SOCKET_H 1
| #define SELECT_TYPE_ARG1 int
| #define SELECT_TYPE_ARG234 (fd_set *)
| #define SELECT_TYPE_ARG5 (struct timeval *)
| /* end confdefs.h.  */
| #include <sys/types.h>
| #include <signal.h>
| 
| int
| main ()
| {
| return *(signal (0, 0)) (0) == 1;
|   ;
|   return 0;
| }
configure:24188: result: void
configure:24196: checking whether lstat correctly handles trailing slash
configure:24222: gcc -o conftest -g -O2 -pthread -I/usr/local/include  -L/usr/local/lib  conftest.c -lm   >&5
configure:24222: $? = 0
configure:24222: ./conftest
configure:24222: $? = 0
configure:24239: result: yes
configure:24258: checking whether stat accepts an empty string
configure:24278: gcc -o conftest -g -O2 -pthread -I/usr/local/include  -L/usr/local/lib  conftest.c -lm   >&5
configure:24278: $? = 0
configure:24278: ./conftest
configure:24278: $? = 0
configure:24288: result: no
configure:24306: checking for strftime
configure:24306: gcc -o conftest -g -O2 -pthread -I/usr/local/include  -L/usr/local/lib  conftest.c -lm   >&5
conftest.c:93:6: warning: conflicting types for built-in function 'strftime' [enabled by default]
configure:24306: $? = 0
configure:24306: result: yes
configure:24361: checking for vprintf
configure:24361: gcc -o conftest -g -O2 -pthread -I/usr/local/include  -L/usr/local/lib  conftest.c -lm   >&5
conftest.c:94:6: warning: conflicting types for built-in function 'vprintf' [enabled by default]
configure:24361: $? = 0
configure:24361: result: yes
configure:24367: checking for _doprnt
configure:24367: gcc -o conftest -g -O2 -pthread -I/usr/local/include  -L/usr/local/lib  conftest.c -lm   >&5
/tmp/ccAnHvKU.o: In function `main':
/home/nch/opt/psrdada/conftest.c:106: undefined reference to `_doprnt'
collect2: ld returned 1 exit status
configure:24367: $? = 1
configure: failed program was:
| /* confdefs.h */
| #define PACKAGE_NAME "DADA"
| #define PACKAGE_TARNAME "dada"
| #define PACKAGE_VERSION "1.0"
| #define PACKAGE_STRING "DADA 1.0"
| #define PACKAGE_BUGREPORT "straten@astron.nl"
| #define PACKAGE_URL ""
| #define PACKAGE "dada"
| #define VERSION "1.0"
| #define STDC_HEADERS 1
| #define HAVE_SYS_TYPES_H 1
| #define HAVE_SYS_STAT_H 1
| #define HAVE_STDLIB_H 1
| #define HAVE_STRING_H 1
| #define HAVE_MEMORY_H 1
| #define HAVE_STRINGS_H 1
| #define HAVE_INTTYPES_H 1
| #define HAVE_STDINT_H 1
| #define HAVE_UNISTD_H 1
| #define HAVE_DLFCN_H 1
| #define LT_OBJDIR ".libs/"
| #define HAVE_PTHREAD 1
| #define HAVE_PGPLOT 1
| #define HAVE_CUDA 1
| #define HAVE_CUFFT 1
| #define HAVE_OPENMP 1
| #define HAVE_FFTW3 1
| #define HAVE_PGPLOT 1
| #define HAVE_GSL 1
| #define HAVE_XGPU 1
| #define HAVE_LIBM 1
| #define STDC_HEADERS 1
| #define HAVE_ARPA_INET_H 1
| #define HAVE_FCNTL_H 1
| #define HAVE_INTTYPES_H 1
| #define HAVE_NETDB_H 1
| #define HAVE_NETINET_IN_H 1
| #define HAVE_STDLIB_H 1
| #define HAVE_STRING_H 1
| #define HAVE_SYS_IOCTL_H 1
| #define HAVE_SYS_SOCKET_H 1
| #define HAVE_SYS_TIME_H 1
| #define HAVE_SYS_STATVFS_H 1
| #define HAVE_SYS_VFS_H 1
| #define HAVE_SYS_MOUNT_H 1
| #define HAVE_SYSLOG_H 1
| #define HAVE_UNISTD_H 1
| #define TIME_WITH_SYS_TIME 1
| #define HAVE_SCHED_H 1
| #define HAVE_SCHED_SETAFFINITY 1
| #define HAVE_FORK 1
| #define HAVE_VFORK 1
| #define HAVE_WORKING_VFORK 1
| #define HAVE_WORKING_FORK 1
| #define HAVE_STDLIB_H 1
| #define HAVE_MALLOC 1
| #define HAVE_SYS_TIME_H 1
| #define HAVE_UNISTD_H 1
| #define HAVE_ALARM 1
| #define HAVE_STDLIB_H 1
| #define HAVE_REALLOC 1
| #define HAVE_SYS_SELECT_H 1
| #define HAVE_SYS_SOCKET_H 1
| #define SELECT_TYPE_ARG1 int
| #define SELECT_TYPE_ARG234 (fd_set *)
| #define SELECT_TYPE_ARG5 (struct timeval *)
| #define RETSIGTYPE void
| #define LSTAT_FOLLOWS_SLASHED_SYMLINK 1
| #define HAVE_STRFTIME 1
| #define HAVE_VPRINTF 1
| /* end confdefs.h.  */
| /* Define _doprnt to an innocuous variant, in case <limits.h> declares _doprnt.
|    For example, HP-UX 11i <limits.h> declares gettimeofday.  */
| #define _doprnt innocuous__doprnt
| 
| /* System header to define __stub macros and hopefully few prototypes,
|     which can conflict with char _doprnt (); below.
|     Prefer <limits.h> to <assert.h> if __STDC__ is defined, since
|     <limits.h> exists even on freestanding compilers.  */
| 
| #ifdef __STDC__
| # include <limits.h>
| #else
| # include <assert.h>
| #endif
| 
| #undef _doprnt
| 
| /* Override any GCC internal prototype to avoid an error.
|    Use char because int might match the return type of a GCC
|    builtin and then its argument prototype would still apply.  */
| #ifdef __cplusplus
| extern "C"
| #endif
| char _doprnt ();
| /* The GNU C library defines this for functions which it implements
|     to always fail with ENOSYS.  Some functions are actually named
|     something starting with __ and the normal name is an alias.  */
| #if defined __stub__doprnt || defined __stub____doprnt
| choke me
| #endif
| 
| int
| main ()
| {
| return _doprnt ();
|   ;
|   return 0;
| }
configure:24367: result: no
configure:24381: checking for gethostbyname
configure:24381: result: yes
configure:24381: checking for gethostname
configure:24381: gcc -o conftest -g -O2 -pthread -I/usr/local/include  -L/usr/local/lib  conftest.c -lm   >&5
configure:24381: $? = 0
configure:24381: result: yes
configure:24381: checking for gettimeofday
configure:24381: gcc -o conftest -g -O2 -pthread -I/usr/local/include  -L/usr/local/lib  conftest.c -lm   >&5
configure:24381: $? = 0
configure:24381: result: yes
configure:24381: checking for inet_ntoa
configure:24381: gcc -o conftest -g -O2 -pthread -I/usr/local/include  -L/usr/local/lib  conftest.c -lm   >&5
configure:24381: $? = 0
configure:24381: result: yes
configure:24381: checking for memset
configure:24381: gcc -o conftest -g -O2 -pthread -I/usr/local/include  -L/usr/local/lib  conftest.c -lm   >&5
conftest.c:99:6: warning: conflicting types for built-in function 'memset' [enabled by default]
configure:24381: $? = 0
configure:24381: result: yes
configure:24381: checking for select
configure:24381: gcc -o conftest -g -O2 -pthread -I/usr/local/include  -L/usr/local/lib  conftest.c -lm   >&5
configure:24381: $? = 0
configure:24381: result: yes
configure:24381: checking for socket
configure:24381: gcc -o conftest -g -O2 -pthread -I/usr/local/include  -L/usr/local/lib  conftest.c -lm   >&5
configure:24381: $? = 0
configure:24381: result: yes
configure:24381: checking for strchr
configure:24381: gcc -o conftest -g -O2 -pthread -I/usr/local/include  -L/usr/local/lib  conftest.c -lm   >&5
conftest.c:102:6: warning: conflicting types for built-in function 'strchr' [enabled by default]
configure:24381: $? = 0
configure:24381: result: yes
configure:24381: checking for strcspn
configure:24381: gcc -o conftest -g -O2 -pthread -I/usr/local/include  -L/usr/local/lib  conftest.c -lm   >&5
conftest.c:103:6: warning: conflicting types for built-in function 'strcspn' [enabled by default]
configure:24381: $? = 0
configure:24381: result: yes
configure:24381: checking for strdup
configure:24381: gcc -o conftest -g -O2 -pthread -I/usr/local/include  -L/usr/local/lib  conftest.c -lm   >&5
conftest.c:104:6: warning: conflicting types for built-in function 'strdup' [enabled by default]
configure:24381: $? = 0
configure:24381: result: yes
configure:24381: checking for strerror
configure:24381: gcc -o conftest -g -O2 -pthread -I/usr/local/include  -L/usr/local/lib  conftest.c -lm   >&5
configure:24381: $? = 0
configure:24381: result: yes
configure:24381: checking for strstr
configure:24381: gcc -o conftest -g -O2 -pthread -I/usr/local/include  -L/usr/local/lib  conftest.c -lm   >&5
conftest.c:106:6: warning: conflicting types for built-in function 'strstr' [enabled by default]
configure:24381: $? = 0
configure:24381: result: yes
configure:24631: creating ./config.status

## ---------------------- ##
## Running config.status. ##
## ---------------------- ##

This file was extended by DADA config.status 1.0, which was
generated by GNU Autoconf 2.68.  Invocation command line was

  CONFIG_FILES    = 
  CONFIG_HEADERS  = 
  CONFIG_LINKS    = 
  CONFIG_COMMANDS = 
  $ ./config.status 

on blc00

config.status:1395: creating Makefile
config.status:1395: creating Management/Makefile
config.status:1395: creating Management/psrdada_ldflags
config.status:1395: creating Management/psrdada_cflags
config.status:1395: creating src/Makefile
config.status:1395: creating scripts/Makefile
config.status:1395: creating web/Makefile
config.status:1395: creating config/Makefile
config.status:1395: creating apsr/Makefile
config.status:1395: creating apsr/src/Makefile
config.status:1395: creating apsr/scripts/Makefile
config.status:1395: creating apsr/web/Makefile
config.status:1395: creating apsr/config/Makefile
config.status:1395: creating apsr/config/apsr.cfg
config.status:1395: creating bpsr/Makefile
config.status:1395: creating bpsr/src/Makefile
config.status:1395: creating bpsr/mon/Makefile
config.status:1395: creating bpsr/rfi/Makefile
config.status:1395: creating bpsr/swinproc/Makefile
config.status:1395: creating bpsr/swinproc/dedisp/Makefile
config.status:1395: creating bpsr/fil_edit/Makefile
config.status:1395: creating bpsr/scripts/Makefile
config.status:1395: creating bpsr/web/Makefile
config.status:1395: creating bpsr/config/Makefile
config.status:1395: creating bpsr/config/bpsr.cfg
config.status:1395: creating caspsr/Makefile
config.status:1395: creating caspsr/src/Makefile
config.status:1395: creating caspsr/scripts/Makefile
config.status:1395: creating caspsr/config/Makefile
config.status:1395: creating caspsr/config/caspsr.cfg
config.status:1395: creating caspsr/web/Makefile
config.status:1395: creating gmrt/Makefile
config.status:1395: creating gmrt/src/Makefile
config.status:1395: creating leda/Makefile
config.status:1395: creating leda/src/Makefile
config.status:1395: creating mopsr/Makefile
config.status:1395: creating mopsr/scripts/Makefile
config.status:1395: creating mopsr/config/Makefile
config.status:1395: creating mopsr/config/mopsr.cfg
config.status:1395: creating mopsr/src/Makefile
config.status:1395: creating mopsr/src/sigproc/Makefile
config.status:1395: creating mopsr/sla/Makefile
config.status:1395: creating mopsr/web/Makefile
config.status:1395: creating hispec/Makefile
config.status:1395: creating hispec/config/Makefile
config.status:1395: creating hispec/config/hispec.cfg
config.status:1395: creating hispec/scripts/Makefile
config.status:1395: creating hispec/src/Makefile
config.status:1395: creating hispec/web/Makefile
config.status:1395: creating ska1/Makefile
config.status:1395: creating ska1/src/Makefile
config.status:1395: creating 3rdparty/Makefile
config.status:1395: creating config.h
config.status:1576: config.h is unchanged
config.status:1624: executing depfiles commands
config.status:1624: executing libtool commands

## ---------------- ##
## Cache variables. ##
## ---------------- ##

ac_cv_build=x86_64-unknown-linux-gnu
ac_cv_c_compiler_gnu=yes
ac_cv_c_const=yes
ac_cv_cxx_compiler_gnu=yes
ac_cv_env_CCC_set=
ac_cv_env_CCC_value=
ac_cv_env_CC_set=
ac_cv_env_CC_value=
ac_cv_env_CFLAGS_set=
ac_cv_env_CFLAGS_value=
ac_cv_env_CPPFLAGS_set=
ac_cv_env_CPPFLAGS_value=
ac_cv_env_CPP_set=
ac_cv_env_CPP_value=
ac_cv_env_CXXCPP_set=
ac_cv_env_CXXCPP_value=
ac_cv_env_CXXFLAGS_set=
ac_cv_env_CXXFLAGS_value=
ac_cv_env_CXX_set=
ac_cv_env_CXX_value=
ac_cv_env_F77_set=
ac_cv_env_F77_value=
ac_cv_env_FFLAGS_set=
ac_cv_env_FFLAGS_value=
ac_cv_env_LDFLAGS_set=
ac_cv_env_LDFLAGS_value=
ac_cv_env_LIBS_set=
ac_cv_env_LIBS_value=
ac_cv_env_LOGIN_ARCH_set=
ac_cv_env_LOGIN_ARCH_value=
ac_cv_env_PACKAGES_set=
ac_cv_env_PACKAGES_value=
ac_cv_env_PGPLOT_DIR_set=
ac_cv_env_PGPLOT_DIR_value=
ac_cv_env_PSRHOME_set=
ac_cv_env_PSRHOME_value=
ac_cv_env_XMKMF_set=
ac_cv_env_XMKMF_value=
ac_cv_env_build_alias_set=
ac_cv_env_build_alias_value=
ac_cv_env_host_alias_set=
ac_cv_env_host_alias_value=
ac_cv_env_target_alias_set=
ac_cv_env_target_alias_value=
ac_cv_f77_compiler_gnu=yes
ac_cv_f77_libs=
ac_cv_func__doprnt=no
ac_cv_func_alarm=yes
ac_cv_func_connect=yes
ac_cv_func_fork=yes
ac_cv_func_fork_works=yes
ac_cv_func_gethostbyname=yes
ac_cv_func_gethostname=yes
ac_cv_func_gettimeofday=yes
ac_cv_func_inet_ntoa=yes
ac_cv_func_lstat_dereferences_slashed_symlink=yes
ac_cv_func_malloc_0_nonnull=yes
ac_cv_func_memcmp_working=yes
ac_cv_func_memset=yes
ac_cv_func_realloc_0_nonnull=yes
ac_cv_func_remove=yes
ac_cv_func_sched_setaffinity=yes
ac_cv_func_select=yes
ac_cv_func_select_args='int,fd_set *,struct timeval *'
ac_cv_func_setvbuf_reversed=no
ac_cv_func_shmat=yes
ac_cv_func_socket=yes
ac_cv_func_stat_empty_string_bug=no
ac_cv_func_strchr=yes
ac_cv_func_strcspn=yes
ac_cv_func_strdup=yes
ac_cv_func_strerror=yes
ac_cv_func_strftime=yes
ac_cv_func_strstr=yes
ac_cv_func_vfork=yes
ac_cv_func_vfork_works=yes
ac_cv_func_vprintf=yes
ac_cv_func_working_mktime=yes
ac_cv_have_x='have_x=yes	ac_x_includes='\'''\''	ac_x_libraries='\'''\'''
ac_cv_header_arpa_inet_h=yes
ac_cv_header_dlfcn_h=yes
ac_cv_header_fcntl_h=yes
ac_cv_header_inttypes_h=yes
ac_cv_header_memory_h=yes
ac_cv_header_netdb_h=yes
ac_cv_header_netinet_in_h=yes
ac_cv_header_sched_h=yes
ac_cv_header_stdc=yes
ac_cv_header_stdint_h=yes
ac_cv_header_stdlib_h=yes
ac_cv_header_string_h=yes
ac_cv_header_strings_h=yes
ac_cv_header_sys_ioctl_h=yes
ac_cv_header_sys_mount_h=yes
ac_cv_header_sys_select_h=yes
ac_cv_header_sys_socket_h=yes
ac_cv_header_sys_stat_h=yes
ac_cv_header_sys_statvfs_h=yes
ac_cv_header_sys_time_h=yes
ac_cv_header_sys_types_h=yes
ac_cv_header_sys_vfs_h=yes
ac_cv_header_syslog_h=yes
ac_cv_header_time=yes
ac_cv_header_unistd_h=yes
ac_cv_header_vfork_h=no
ac_cv_host=x86_64-unknown-linux-gnu
ac_cv_lib_ICE_IceConnectionNumber=yes
ac_cv_lib_m_sin=yes
ac_cv_objext=o
ac_cv_path_EGREP='/bin/grep -E'
ac_cv_path_FGREP='/bin/grep -F'
ac_cv_path_GREP=/bin/grep
ac_cv_path_GSL_CONFIG=/usr/bin/gsl-config
ac_cv_path_SED=/bin/sed
ac_cv_path_cuda_nvcc=/usr/local/cuda-8.0/bin/nvcc
ac_cv_path_install='/usr/bin/install -c'
ac_cv_path_mkdir=/bin/mkdir
ac_cv_prog_AWK=mawk
ac_cv_prog_CPP='gcc -E'
ac_cv_prog_CXXCPP='g++ -E'
ac_cv_prog_ac_ct_AR=ar
ac_cv_prog_ac_ct_CC=gcc
ac_cv_prog_ac_ct_CXX=g++
ac_cv_prog_ac_ct_F77=f77
ac_cv_prog_ac_ct_MANIFEST_TOOL=mt
ac_cv_prog_ac_ct_OBJDUMP=objdump
ac_cv_prog_ac_ct_RANLIB=ranlib
ac_cv_prog_ac_ct_STRIP=strip
ac_cv_prog_cc_c89=
ac_cv_prog_cc_g=yes
ac_cv_prog_cc_gcc_c_o=yes
ac_cv_prog_cxx_g=yes
ac_cv_prog_f77_g=yes
ac_cv_prog_f77_v=
ac_cv_prog_make_make_set=yes
ac_cv_struct_tm=time.h
ac_cv_target=x86_64-unknown-linux-gnu
ac_cv_type_pid_t=yes
ac_cv_type_signal=void
ac_cv_type_size_t=yes
am_cv_CC_dependencies_compiler_type=gcc3
am_cv_CXX_dependencies_compiler_type=gcc3
ax_cv_c_openmp=-fopenmp
lt_cv_ar_at_file=@
lt_cv_deplibs_check_method=pass_all
lt_cv_file_magic_cmd='$MAGIC_CMD'
lt_cv_file_magic_test_file=
lt_cv_ld_reload_flag=-r
lt_cv_nm_interface='BSD nm'
lt_cv_objdir=.libs
lt_cv_path_LD=/usr/bin/ld
lt_cv_path_LDCXX='/usr/bin/ld -m elf_x86_64'
lt_cv_path_NM='/usr/bin/nm -B'
lt_cv_path_mainfest_tool=no
lt_cv_prog_compiler_c_o=yes
lt_cv_prog_compiler_c_o_CXX=yes
lt_cv_prog_compiler_c_o_F77=yes
lt_cv_prog_compiler_pic='-fPIC -DPIC'
lt_cv_prog_compiler_pic_CXX='-fPIC -DPIC'
lt_cv_prog_compiler_pic_F77=-fPIC
lt_cv_prog_compiler_pic_works=yes
lt_cv_prog_compiler_pic_works_CXX=yes
lt_cv_prog_compiler_pic_works_F77=yes
lt_cv_prog_compiler_rtti_exceptions=no
lt_cv_prog_compiler_static_works=yes
lt_cv_prog_compiler_static_works_CXX=yes
lt_cv_prog_compiler_static_works_F77=yes
lt_cv_prog_gnu_ld=yes
lt_cv_prog_gnu_ldcxx=yes
lt_cv_sharedlib_from_linklib_cmd='printf %s\n'
lt_cv_shlibpath_overrides_runpath=no
lt_cv_sys_global_symbol_pipe='sed -n -e '\''s/^.*[	 ]\([ABCDGIRSTW][ABCDGIRSTW]*\)[	 ][	 ]*\([_A-Za-z][_A-Za-z0-9]*\)$/\1 \2 \2/p'\'' | sed '\''/ __gnu_lto/d'\'''
lt_cv_sys_global_symbol_to_c_name_address='sed -n -e '\''s/^: \([^ ]*\)[ ]*$/  {\"\1\", (void *) 0},/p'\'' -e '\''s/^[ABCDGIRSTW]* \([^ ]*\) \([^ ]*\)$/  {"\2", (void *) \&\2},/p'\'''
lt_cv_sys_global_symbol_to_c_name_address_lib_prefix='sed -n -e '\''s/^: \([^ ]*\)[ ]*$/  {\"\1\", (void *) 0},/p'\'' -e '\''s/^[ABCDGIRSTW]* \([^ ]*\) \(lib[^ ]*\)$/  {"\2", (void *) \&\2},/p'\'' -e '\''s/^[ABCDGIRSTW]* \([^ ]*\) \([^ ]*\)$/  {"lib\2", (void *) \&\2},/p'\'''
lt_cv_sys_global_symbol_to_cdecl='sed -n -e '\''s/^T .* \(.*\)$/extern int \1();/p'\'' -e '\''s/^[ABCDGIRSTW]* .* \(.*\)$/extern char \1;/p'\'''
lt_cv_sys_max_cmd_len=1572864
lt_cv_to_host_file_cmd=func_convert_file_noop
lt_cv_to_tool_file_cmd=func_convert_file_noop

## ----------------- ##
## Output variables. ##
## ----------------- ##

ACLOCAL='${SHELL} /home/nch/opt/psrdada/missing --run aclocal-1.11'
AMDEPBACKSLASH='\'
AMDEP_FALSE='#'
AMDEP_TRUE=''
AMTAR='$${TAR-tar}'
AR='ar'
AUTOCONF='${SHELL} /home/nch/opt/psrdada/missing --run autoconf'
AUTOHEADER='${SHELL} /home/nch/opt/psrdada/missing --run autoheader'
AUTOMAKE='${SHELL} /home/nch/opt/psrdada/missing --run automake-1.11'
AWK='mawk'
CC='gcc'
CCDEPMODE='depmode=gcc3'
CFLAGS='-g -O2 -pthread'
CPP='gcc -E'
CPPFLAGS='-I/usr/local/include '
CUB_CFLAGS=''
CUDA_CFLAGS='-I/usr/local/cuda-8.0/include'
CUDA_LIBS='-L/usr/local/cuda-8.0/lib64 -lcudart'
CUDA_NVCC='/usr/local/cuda-8.0/bin/nvcc $(CUDA_NVCC_FLAGS) $(DEFAULT_INCLUDES) $(INCLUDES) $(AM_CPPFLAGS) $(CPPFLAGS)'
CUFFT_CFLAGS='-I/usr/local/cuda-8.0/include'
CUFFT_LIBS='-L/usr/local/cuda-8.0/lib64 -lcufft'
CXX='g++'
CXXCPP='g++ -E'
CXXDEPMODE='depmode=gcc3'
CXXFLAGS='-g -O2 -pthread'
CYGPATH_W='echo'
DEFS='-DHAVE_CONFIG_H'
DEPDIR='.deps'
DLLTOOL='false'
DSYMUTIL=''
DUMPBIN=''
ECHO_C=''
ECHO_N='-n'
ECHO_T=''
EGREP='/bin/grep -E'
EXEEXT=''
F77='f77'
FFLAGS='-g -O2'
FFTW_CFLAGS=' '
FFTW_LIBS='-L/usr/lib -lfftw3f -lm '
FGREP='/bin/grep -F'
FLIBS=''
GREP='/bin/grep'
GSL_CFLAGS='-I/usr/include'
GSL_CONFIG='/usr/bin/gsl-config'
GSL_LIBS='-L/usr/lib -lgsl -lgslcblas -lm'
HAVE_AFFINITY_FALSE='#'
HAVE_AFFINITY_TRUE=''
HAVE_CUB_FALSE=''
HAVE_CUB_TRUE='#'
HAVE_CUDA_FALSE='#'
HAVE_CUDA_TRUE=''
HAVE_CUFFT_FALSE='#'
HAVE_CUFFT_TRUE=''
HAVE_FFTW3_FALSE='#'
HAVE_FFTW3_TRUE=''
HAVE_GSL_FALSE='#'
HAVE_GSL_TRUE=''
HAVE_HWLOC_FALSE=''
HAVE_HWLOC_TRUE='#'
HAVE_IPP_FALSE=''
HAVE_IPP_TRUE='#'
HAVE_LINUX_FALSE='#'
HAVE_LINUX_TRUE=''
HAVE_MKL_DFTI_FALSE=''
HAVE_MKL_DFTI_TRUE='#'
HAVE_MKL_FALSE=''
HAVE_MKL_TRUE='#'
HAVE_PGPLOT_FALSE='#'
HAVE_PGPLOT_TRUE=''
HAVE_RDMACM_FALSE=''
HAVE_RDMACM_TRUE='#'
HAVE_SOFA_FALSE=''
HAVE_SOFA_TRUE='#'
HAVE_XGPU_FALSE='#'
HAVE_XGPU_TRUE=''
HWLOC_CFLAGS=''
HWLOC_LIBS=''
INSTALL_DATA='${INSTALL} -m 644'
INSTALL_PROGRAM='${INSTALL}'
INSTALL_SCRIPT='${INSTALL}'
INSTALL_STRIP_PROGRAM='$(install_sh) -c -s'
IPP_CFLAGS=''
IPP_LIBS=''
LD='/usr/bin/ld -m elf_x86_64'
LDFLAGS='-L/usr/local/lib '
LIBOBJS=''
LIBS='-lm  '
LIBTOOL='$(SHELL) $(top_builddir)/libtool'
LIPO=''
LN_S='ln -s'
LOGIN_ARCH=''
LTLIBOBJS=''
MAKEINFO='${SHELL} /home/nch/opt/psrdada/missing --run makeinfo'
MANIFEST_TOOL=':'
MKDIR_P='/bin/mkdir -p'
MKL_CFLAGS=''
MKL_LIBS=''
NM='/usr/bin/nm -B'
NMEDIT=''
OBJDUMP='objdump'
OBJEXT='o'
OPENMP_CFLAGS='-fopenmp'
OTOOL64=''
OTOOL=''
PACKAGE='dada'
PACKAGES=''
PACKAGE_BUGREPORT='straten@astron.nl'
PACKAGE_NAME='DADA'
PACKAGE_STRING='DADA 1.0'
PACKAGE_TARNAME='dada'
PACKAGE_URL=''
PACKAGE_VERSION='1.0'
PATH_SEPARATOR=':'
PGPLOT_CFLAGS=''
PGPLOT_DIR=''
PGPLOT_LIBS=' -lcpgplot -lpgplot  '
PSRDADA_INSTALL='/home/nch/linux_64'
PSRHOME=''
PTHREAD_CC='gcc'
PTHREAD_CFLAGS='-pthread'
PTHREAD_LIBS=''
RANLIB='ranlib'
RDMACM_CFLAGS=''
RDMACM_LIBS=''
SED='/bin/sed'
SET_MAKE=''
SHELL='/bin/bash'
SOFA_CFLAGS=''
SOFA_LIBS=''
STRIP='strip'
VERSION='1.0'
XGPU_CFLAGS=''
XGPU_LIBS='-L/usr/local/lib -lxgpu'
XMKMF=''
X_CFLAGS=''
X_EXTRA_LIBS=''
X_LIBS=''
X_PRE_LIBS=' -lSM -lICE'
ac_ct_AR='ar'
ac_ct_CC='gcc'
ac_ct_CXX='g++'
ac_ct_DUMPBIN=''
ac_ct_F77='f77'
acx_pthread_config=''
am__EXEEXT_FALSE=''
am__EXEEXT_TRUE='#'
am__fastdepCC_FALSE='#'
am__fastdepCC_TRUE=''
am__fastdepCXX_FALSE='#'
am__fastdepCXX_TRUE=''
am__include='include'
am__isrc=''
am__leading_dot='.'
am__nodep='_no'
am__quote=''
am__tar='$${TAR-tar} chof - "$$tardir"'
am__untar='$${TAR-tar} xf -'
bindir='${exec_prefix}/bin'
build='x86_64-unknown-linux-gnu'
build_alias=''
build_cpu='x86_64'
build_os='linux-gnu'
build_vendor='unknown'
cuda_nvcc='/usr/local/cuda-8.0/bin/nvcc'
datadir='${datarootdir}'
datarootdir='${prefix}/share'
docdir='${datarootdir}/doc/${PACKAGE_TARNAME}'
dvidir='${docdir}'
exec_prefix='${prefix}'
host='x86_64-unknown-linux-gnu'
host_alias=''
host_cpu='x86_64'
host_os='linux-gnu'
host_vendor='unknown'
htmldir='${docdir}'
includedir='${prefix}/include'
infodir='${datarootdir}/info'
install_sh='${SHELL} /home/nch/opt/psrdada/install-sh'
libdir='${exec_prefix}/lib'
libexecdir='${exec_prefix}/libexec'
localedir='${datarootdir}/locale'
localstatedir='${prefix}/var'
mandir='${datarootdir}/man'
mkdir_p='/bin/mkdir -p'
oldincludedir='/usr/include'
pdfdir='${docdir}'
prefix='/home/nch/linux_64'
program_transform_name='s,x,x,'
psdir='${docdir}'
sbindir='${exec_prefix}/sbin'
sharedstatedir='${prefix}/com'
sysconfdir='${prefix}/etc'
target='x86_64-unknown-linux-gnu'
target_alias=''
target_cpu='x86_64'
target_os='linux-gnu'
target_vendor='unknown'

## ----------- ##
## confdefs.h. ##
## ----------- ##

/* confdefs.h */
#define PACKAGE_NAME "DADA"
#define PACKAGE_TARNAME "dada"
#define PACKAGE_VERSION "1.0"
#define PACKAGE_STRING "DADA 1.0"
#define PACKAGE_BUGREPORT "straten@astron.nl"
#define PACKAGE_URL ""
#define PACKAGE "dada"
#define VERSION "1.0"
#define STDC_HEADERS 1
#define HAVE_SYS_TYPES_H 1
#define HAVE_SYS_STAT_H 1
#define HAVE_STDLIB_H 1
#define HAVE_STRING_H 1
#define HAVE_MEMORY_H 1
#define HAVE_STRINGS_H 1
#define HAVE_INTTYPES_H 1
#define HAVE_STDINT_H 1
#define HAVE_UNISTD_H 1
#define HAVE_DLFCN_H 1
#define LT_OBJDIR ".libs/"
#define HAVE_PTHREAD 1
#define HAVE_PGPLOT 1
#define HAVE_CUDA 1
#define HAVE_CUFFT 1
#define HAVE_OPENMP 1
#define HAVE_FFTW3 1
#define HAVE_PGPLOT 1
#define HAVE_GSL 1
#define HAVE_XGPU 1
#define HAVE_LIBM 1
#define STDC_HEADERS 1
#define HAVE_ARPA_INET_H 1
#define HAVE_FCNTL_H 1
#define HAVE_INTTYPES_H 1
#define HAVE_NETDB_H 1
#define HAVE_NETINET_IN_H 1
#define HAVE_STDLIB_H 1
#define HAVE_STRING_H 1
#define HAVE_SYS_IOCTL_H 1
#define HAVE_SYS_SOCKET_H 1
#define HAVE_SYS_TIME_H 1
#define HAVE_SYS_STATVFS_H 1
#define HAVE_SYS_VFS_H 1
#define HAVE_SYS_MOUNT_H 1
#define HAVE_SYSLOG_H 1
#define HAVE_UNISTD_H 1
#define TIME_WITH_SYS_TIME 1
#define HAVE_SCHED_H 1
#define HAVE_SCHED_SETAFFINITY 1
#define HAVE_FORK 1
#define HAVE_VFORK 1
#define HAVE_WORKING_VFORK 1
#define HAVE_WORKING_FORK 1
#define HAVE_STDLIB_H 1
#define HAVE_MALLOC 1
#define HAVE_SYS_TIME_H 1
#define HAVE_UNISTD_H 1
#define HAVE_ALARM 1
#define HAVE_STDLIB_H 1
#define HAVE_REALLOC 1
#define HAVE_SYS_SELECT_H 1
#define HAVE_SYS_SOCKET_H 1
#define SELECT_TYPE_ARG1 int
#define SELECT_TYPE_ARG234 (fd_set *)
#define SELECT_TYPE_ARG5 (struct timeval *)
#define RETSIGTYPE void
#define LSTAT_FOLLOWS_SLASHED_SYMLINK 1
#define HAVE_STRFTIME 1
#define HAVE_VPRINTF 1
#define HAVE_GETHOSTBYNAME 1
#define HAVE_GETHOSTNAME 1
#define HAVE_GETTIMEOFDAY 1
#define HAVE_INET_NTOA 1
#define HAVE_MEMSET 1
#define HAVE_SELECT 1
#define HAVE_SOCKET 1
#define HAVE_STRCHR 1
#define HAVE_STRCSPN 1
#define HAVE_STRDUP 1
#define HAVE_STRERROR 1
#define HAVE_STRSTR 1

configure: exit 0

## ---------------------- ##
## Running config.status. ##
## ---------------------- ##

This file was extended by DADA config.status 1.0, which was
generated by GNU Autoconf 2.68.  Invocation command line was

  CONFIG_FILES    = 
  CONFIG_HEADERS  = 
  CONFIG_LINKS    = 
  CONFIG_COMMANDS = 
  $ ./config.status apsr/config/apsr.cfg

on blc00

config.status:1395: creating apsr/config/apsr.cfg

## ---------------------- ##
## Running config.status. ##
## ---------------------- ##

This file was extended by DADA config.status 1.0, which was
generated by GNU Autoconf 2.68.  Invocation command line was

  CONFIG_FILES    = 
  CONFIG_HEADERS  = 
  CONFIG_LINKS    = 
  CONFIG_COMMANDS = 
  $ ./config.status apsr/config/apsr.cfg

on blc00

config.status:1395: creating apsr/config/apsr.cfg
